Using pre-set license
Built from '2020.3/staging' branch; Version is '2020.3.3f1 (76626098c1c4) revision 7758432'; Using compiler version '192528614'; Build Type 'Release'
OS: 'Windows 10 Pro; OS build 18362.356; Version 1903; 64bit' Language: 'ru' Physical Memory: 12194 MB
BatchMode: 1, IsHumanControllingUs: 0, StartBugReporterOnCrash: 0, Is64bit: 1, IsPro: 0

 COMMAND LINE ARGUMENTS:
C:\Program Files\Unity\Hub\Editor\2020.3.3f1\Editor\Unity.exe
-adb2
-batchMode
-noUpm
-name
AssetImportWorker0
-projectPath
C:/Unity projects/CarDataBaseGit/CarDataBase
-logFile
Logs/AssetImportWorker0.log
-srvPort
63483
Successfully changed project path to: C:/Unity projects/CarDataBaseGit/CarDataBase
C:/Unity projects/CarDataBaseGit/CarDataBase
Using Asset Import Pipeline V2.
Refreshing native plugins compatible for Editor in 68.72 ms, found 0 plugins.
Preloading 0 native plugins for Editor in 0.00 ms.
Initialize engine version: 2020.3.3f1 (76626098c1c4)
[Subsystems] Discovering subsystems at path C:/Program Files/Unity/Hub/Editor/2020.3.3f1/Editor/Data/Resources/UnitySubsystems
[Subsystems] Discovering subsystems at path C:/Unity projects/CarDataBaseGit/CarDataBase/Assets
GfxDevice: creating device client; threaded=0
Direct3D:
    Version:  Direct3D 11.0 [level 11.0]
    Renderer: NVIDIA GeForce 920M (ID=0x1299)
    Vendor:   
    VRAM:     2020 MB
    Driver:   22.21.13.8264
Initialize mono
Mono path[0] = 'C:/Program Files/Unity/Hub/Editor/2020.3.3f1/Editor/Data/Managed'
Mono path[1] = 'C:/Program Files/Unity/Hub/Editor/2020.3.3f1/Editor/Data/MonoBleedingEdge/lib/mono/unityjit'
Mono config path = 'C:/Program Files/Unity/Hub/Editor/2020.3.3f1/Editor/Data/MonoBleedingEdge/etc'
Using monoOptions --debugger-agent=transport=dt_socket,embedding=1,server=y,suspend=n,address=127.0.0.1:56096
Begin MonoManager ReloadAssembly
Registering precompiled unity dll's ...
Register platform support module: C:/Program Files/Unity/Hub/Editor/2020.3.3f1/Editor/Data/PlaybackEngines/WebGLSupport/UnityEditor.WebGL.Extensions.dll
Register platform support module: C:/Program Files/Unity/Hub/Editor/2020.3.3f1/Editor/Data/PlaybackEngines/WindowsStandaloneSupport/UnityEditor.WindowsStandalone.Extensions.dll
Registered in 0.005398 seconds.
Native extension for WindowsStandalone target not found
Native extension for WebGL target not found
Refreshing native plugins compatible for Editor in 58.98 ms, found 0 plugins.
Preloading 0 native plugins for Editor in 0.00 ms.
Invoked RoslynAnalysisRunner static constructor.
RoslynAnalysisRunner will not be running.
RoslynAnalysisRunner has terminated.
Mono: successfully reloaded assembly
- Completed reload, in  4.898 seconds
Platform modules already initialized, skipping
Registering precompiled user dll's ...
Registered in 0.001755 seconds.
Begin MonoManager ReloadAssembly
Native extension for WindowsStandalone target not found
Native extension for WebGL target not found
Refreshing native plugins compatible for Editor in 0.29 ms, found 0 plugins.
Preloading 0 native plugins for Editor in 0.00 ms.
Invoked RoslynAnalysisRunner static constructor.
RoslynAnalysisRunner will not be running.
RoslynAnalysisRunner has terminated.
Mono: successfully reloaded assembly
- Completed reload, in  1.685 seconds
Platform modules already initialized, skipping
========================================================================
Worker process is ready to serve import requests
Launched and connected shader compiler UnityShaderCompiler.exe after 0.10 seconds
Refreshing native plugins compatible for Editor in 0.27 ms, found 0 plugins.
Preloading 0 native plugins for Editor in 0.00 ms.
Unloading 1140 Unused Serialized files (Serialized files now loaded: 0)
System memory in use before: 59.7 MB.
System memory in use after: 59.8 MB.

Unloading 10 unused Assets to reduce memory usage. Loaded Objects now: 1582.
Total: 2.617500 ms (FindLiveObjects: 0.221000 ms CreateObjectMapping: 0.056100 ms MarkObjects: 2.200200 ms  DeleteObjects: 0.138200 ms)

========================================================================
Received Import Request.
  path: Assets/Resources/CarDataBase/Ford.asset
  artifactKey: Guid(a7cbb5cd129767645b41f17b0734cda1) Importer(815301076,1909f56bfc062723c751e8b465ee728b)
Start importing Assets/Resources/CarDataBase/Ford.asset using Guid(a7cbb5cd129767645b41f17b0734cda1) Importer(815301076,1909f56bfc062723c751e8b465ee728b)  -> (artifact id: 'c1227a7f8ca289d4769a75d2de1eafc7') in 0.087777 seconds
  Import took 0.092420 seconds .

========================================================================
Received Import Request.
  Time since last request: 0.000443 seconds.
  path: Assets/Resources/CarDataBase/Dodge.asset
  artifactKey: Guid(792131e097b6b4f41a9a16fa8cf88af8) Importer(815301076,1909f56bfc062723c751e8b465ee728b)
Start importing Assets/Resources/CarDataBase/Dodge.asset using Guid(792131e097b6b4f41a9a16fa8cf88af8) Importer(815301076,1909f56bfc062723c751e8b465ee728b)  -> (artifact id: 'fe974a2788a5383947002d6deb20b907') in 0.005492 seconds
  Import took 0.010091 seconds .

========================================================================
Received Import Request.
  Time since last request: 0.000607 seconds.
  path: Assets/Resources/CarDataBase
  artifactKey: Guid(1e898f74060417f44993b6f084e2dacf) Importer(815301076,1909f56bfc062723c751e8b465ee728b)
Start importing Assets/Resources/CarDataBase using Guid(1e898f74060417f44993b6f084e2dacf) Importer(815301076,1909f56bfc062723c751e8b465ee728b)  -> (artifact id: 'fb7c2acac088b9b126028a8eb9ad9623') in 0.005581 seconds
  Import took 0.010606 seconds .

========================================================================
Received Import Request.
  Time since last request: 0.000507 seconds.
  path: Assets/Resources/CarDataBase/Bentley.asset
  artifactKey: Guid(58e8dbb6ffc58de40a2409b8f9c33400) Importer(815301076,1909f56bfc062723c751e8b465ee728b)
Start importing Assets/Resources/CarDataBase/Bentley.asset using Guid(58e8dbb6ffc58de40a2409b8f9c33400) Importer(815301076,1909f56bfc062723c751e8b465ee728b)  -> (artifact id: '87155e48dd72bc0138cb87f3bcf67b2d') in 0.006226 seconds
  Import took 0.010300 seconds .

========================================================================
Received Import Request.
  Time since last request: 0.000697 seconds.
  path: Assets/Resources
  artifactKey: Guid(59b8826aae8b80b4abbceec3fa656298) Importer(815301076,1909f56bfc062723c751e8b465ee728b)
Start importing Assets/Resources using Guid(59b8826aae8b80b4abbceec3fa656298) Importer(815301076,1909f56bfc062723c751e8b465ee728b)  -> (artifact id: 'fb3048f6e9c6412ec916451a94c8792d') in 0.004924 seconds
  Import took 0.008887 seconds .

========================================================================
Received Import Request.
  Time since last request: 0.000414 seconds.
  path: Assets/Resources/CarDataBase/Mazda.asset
  artifactKey: Guid(fd120704267e9f142839358195677ac1) Importer(815301076,1909f56bfc062723c751e8b465ee728b)
Start importing Assets/Resources/CarDataBase/Mazda.asset using Guid(fd120704267e9f142839358195677ac1) Importer(815301076,1909f56bfc062723c751e8b465ee728b)  -> (artifact id: '3d92fb57d53832a986b83bf4e39a6be9') in 0.006936 seconds
  Import took 0.011116 seconds .

========================================================================
Received Import Request.
  Time since last request: 0.000490 seconds.
  path: Assets/Resources/CarDataBase/Transit.asset
  artifactKey: Guid(5407f64ee075f5745909404c560fb665) Importer(815301076,1909f56bfc062723c751e8b465ee728b)
Start importing Assets/Resources/CarDataBase/Transit.asset using Guid(5407f64ee075f5745909404c560fb665) Importer(815301076,1909f56bfc062723c751e8b465ee728b)  -> (artifact id: '150d1ea72304030b213cf0986696350a') in 0.007391 seconds
  Import took 0.012452 seconds .

========================================================================
Received Import Request.
  Time since last request: 0.000517 seconds.
  path: Assets/Resources/CarDataBase/Iveco.asset
  artifactKey: Guid(6508617e2e7b1b049b9cb23ec3db875f) Importer(815301076,1909f56bfc062723c751e8b465ee728b)
Start importing Assets/Resources/CarDataBase/Iveco.asset using Guid(6508617e2e7b1b049b9cb23ec3db875f) Importer(815301076,1909f56bfc062723c751e8b465ee728b)  -> (artifact id: 'ee22fc7bd9614fb15d3f86066a7cf15f') in 0.006758 seconds
  Import took 0.010274 seconds .

========================================================================
Received Import Request.
  Time since last request: 0.000425 seconds.
  path: Assets/Resources/CarDataBase/Mercedes.asset
  artifactKey: Guid(2ba09a882db8c1f4fae57cbacc42915d) Importer(815301076,1909f56bfc062723c751e8b465ee728b)
Start importing Assets/Resources/CarDataBase/Mercedes.asset using Guid(2ba09a882db8c1f4fae57cbacc42915d) Importer(815301076,1909f56bfc062723c751e8b465ee728b)  -> (artifact id: 'babb77bd915d916e1462b364ca69f9d6') in 0.007490 seconds
  Import took 0.013502 seconds .

========================================================================
Received Import Request.
  Time since last request: 0.000465 seconds.
  path: Assets/Resources/CarDataBase/Scania.asset
  artifactKey: Guid(c7beb5b7d90b87c49b8c216c4dc90ef5) Importer(815301076,1909f56bfc062723c751e8b465ee728b)
Start importing Assets/Resources/CarDataBase/Scania.asset using Guid(c7beb5b7d90b87c49b8c216c4dc90ef5) Importer(815301076,1909f56bfc062723c751e8b465ee728b)  -> (artifact id: '79e1d2767b50d2af43df5e2cdad8ad18') in 0.006560 seconds
  Import took 0.010540 seconds .

========================================================================
Received Prepare
Registering precompiled user dll's ...
Registered in 0.001370 seconds.
Begin MonoManager ReloadAssembly
Native extension for WindowsStandalone target not found
Native extension for WebGL target not found
Refreshing native plugins compatible for Editor in 0.29 ms, found 0 plugins.
Preloading 0 native plugins for Editor in 0.00 ms.
Invoked RoslynAnalysisRunner static constructor.
RoslynAnalysisRunner will not be running.
RoslynAnalysisRunner has terminated.
Mono: successfully reloaded assembly
- Completed reload, in  1.742 seconds
Platform modules already initialized, skipping
Switching build target platform(5) subTarget(0) extendedPlatform(0) -> platform(13) subTarget(537395200) extendedPlatform(0)
Refreshing native plugins compatible for Editor in 0.33 ms, found 0 plugins.
Preloading 0 native plugins for Editor in 0.00 ms.
Unloading 1125 Unused Serialized files (Serialized files now loaded: 0)
System memory in use before: 58.2 MB.
System memory in use after: 58.3 MB.

Unloading 5 unused Assets to reduce memory usage. Loaded Objects now: 1585.
Total: 2.683600 ms (FindLiveObjects: 0.348000 ms CreateObjectMapping: 0.094200 ms MarkObjects: 2.156700 ms  DeleteObjects: 0.082000 ms)

AssetImportParameters requested are different than current active one (requested -> active):
  custom:graphics/normal-map-encoding: 01000000000000000000000000000000 -> 02000000000000000000000000000000
========================================================================
Received Import Request.
  Time since last request: 785.036802 seconds.
  path: Assets/Scripts
  artifactKey: Guid(c36d8a075e7a13a42a52e69bd02b7992) Importer(815301076,1909f56bfc062723c751e8b465ee728b)
Start importing Assets/Scripts using Guid(c36d8a075e7a13a42a52e69bd02b7992) Importer(815301076,1909f56bfc062723c751e8b465ee728b)  -> (artifact id: '507fdea65a2fec5efa7471dfa7d1508d') in 0.008278 seconds
  Import took 0.012608 seconds .

========================================================================
Received Import Request.
  Time since last request: 0.018822 seconds.
  path: Assets/Scripts
  artifactKey: Guid(c36d8a075e7a13a42a52e69bd02b7992) Importer(815301076,1909f56bfc062723c751e8b465ee728b)
Start importing Assets/Scripts using Guid(c36d8a075e7a13a42a52e69bd02b7992) Importer(815301076,1909f56bfc062723c751e8b465ee728b)  -> (artifact id: '507fdea65a2fec5efa7471dfa7d1508d') in 0.005756 seconds
  Import took 0.010771 seconds .

========================================================================
Received Import Request.
  Time since last request: 9.173117 seconds.
  path: Assets/Scripts/Car
  artifactKey: Guid(841d55db290b39241a3a1bbf2d88a5c4) Importer(815301076,1909f56bfc062723c751e8b465ee728b)
Start importing Assets/Scripts/Car using Guid(841d55db290b39241a3a1bbf2d88a5c4) Importer(815301076,1909f56bfc062723c751e8b465ee728b)  -> (artifact id: '8d81e448adccf2541122be510a8feeee') in 0.012481 seconds
  Import took 0.018938 seconds .

========================================================================
Received Import Request.
  Time since last request: 18.894090 seconds.
  path: Assets/Scripts/Car/CarBase.cs
  artifactKey: Guid(f84203357ad209f4e9b2a7d774bbe484) Importer(815301076,1909f56bfc062723c751e8b465ee728b)
Start importing Assets/Scripts/Car/CarBase.cs using Guid(f84203357ad209f4e9b2a7d774bbe484) Importer(815301076,1909f56bfc062723c751e8b465ee728b)  -> (artifact id: '53b82dc0334c34f2997c8dd72155015e') in 0.033732 seconds
  Import took 0.038339 seconds .

========================================================================
Received Prepare
Registering precompiled user dll's ...
Registered in 0.001863 seconds.
Begin MonoManager ReloadAssembly
Native extension for WindowsStandalone target not found
Native extension for WebGL target not found
Refreshing native plugins compatible for Editor in 0.49 ms, found 0 plugins.
Preloading 0 native plugins for Editor in 0.00 ms.
Invoked RoslynAnalysisRunner static constructor.
RoslynAnalysisRunner will not be running.
RoslynAnalysisRunner has terminated.
Mono: successfully reloaded assembly
- Completed reload, in  1.837 seconds
Platform modules already initialized, skipping
Switching build target platform(5) subTarget(0) extendedPlatform(0) -> platform(13) subTarget(537395200) extendedPlatform(0)
Refreshing native plugins compatible for Editor in 0.28 ms, found 0 plugins.
Preloading 0 native plugins for Editor in 0.00 ms.
Unloading 1126 Unused Serialized files (Serialized files now loaded: 0)
System memory in use before: 58.3 MB.
System memory in use after: 58.3 MB.

Unloading 5 unused Assets to reduce memory usage. Loaded Objects now: 1589.
Total: 2.820400 ms (FindLiveObjects: 0.280800 ms CreateObjectMapping: 0.081800 ms MarkObjects: 2.381900 ms  DeleteObjects: 0.073500 ms)

AssetImportParameters requested are different than current active one (requested -> active):
  custom:graphics/normal-map-encoding: 01000000000000000000000000000000 -> 02000000000000000000000000000000
========================================================================
Received Import Request.
  Time since last request: 104.210099 seconds.
  path: Assets/Scripts/Car/CarBase.cs
  artifactKey: Guid(f84203357ad209f4e9b2a7d774bbe484) Importer(815301076,1909f56bfc062723c751e8b465ee728b)
Start importing Assets/Scripts/Car/CarBase.cs using Guid(f84203357ad209f4e9b2a7d774bbe484) Importer(815301076,1909f56bfc062723c751e8b465ee728b)  -> (artifact id: '5a3cc8617ea5c9f150bfe5fee88c9bde') in 0.017461 seconds
  Import took 0.022118 seconds .

========================================================================
Received Prepare
Registering precompiled user dll's ...
Registered in 0.001368 seconds.
Begin MonoManager ReloadAssembly
Native extension for WindowsStandalone target not found
Native extension for WebGL target not found
Refreshing native plugins compatible for Editor in 0.91 ms, found 0 plugins.
Preloading 0 native plugins for Editor in 0.00 ms.
Invoked RoslynAnalysisRunner static constructor.
RoslynAnalysisRunner will not be running.
RoslynAnalysisRunner has terminated.
Mono: successfully reloaded assembly
- Completed reload, in  6.013 seconds
Platform modules already initialized, skipping
Switching build target platform(5) subTarget(0) extendedPlatform(0) -> platform(13) subTarget(537395200) extendedPlatform(0)
Refreshing native plugins compatible for Editor in 0.43 ms, found 0 plugins.
Preloading 0 native plugins for Editor in 0.00 ms.
Unloading 1126 Unused Serialized files (Serialized files now loaded: 0)
System memory in use before: 58.3 MB.
System memory in use after: 58.4 MB.

Unloading 5 unused Assets to reduce memory usage. Loaded Objects now: 1592.
Total: 2.514000 ms (FindLiveObjects: 0.177800 ms CreateObjectMapping: 0.057800 ms MarkObjects: 2.203100 ms  DeleteObjects: 0.073700 ms)

AssetImportParameters requested are different than current active one (requested -> active):
  custom:graphics/normal-map-encoding: 01000000000000000000000000000000 -> 02000000000000000000000000000000
========================================================================
Received Import Request.
  Time since last request: 625.456602 seconds.
  path: Assets/Scripts/Car/CarBase.cs
  artifactKey: Guid(f84203357ad209f4e9b2a7d774bbe484) Importer(815301076,1909f56bfc062723c751e8b465ee728b)
Start importing Assets/Scripts/Car/CarBase.cs using Guid(f84203357ad209f4e9b2a7d774bbe484) Importer(815301076,1909f56bfc062723c751e8b465ee728b)  -> (artifact id: '3e8c81cd38380a3309de495fa09a29a3') in 0.011719 seconds
  Import took 0.022752 seconds .

========================================================================
Received Prepare
Registering precompiled user dll's ...
Registered in 0.001355 seconds.
Begin MonoManager ReloadAssembly
Native extension for WindowsStandalone target not found
Native extension for WebGL target not found
Refreshing native plugins compatible for Editor in 0.30 ms, found 0 plugins.
Preloading 0 native plugins for Editor in 0.00 ms.
Invoked RoslynAnalysisRunner static constructor.
RoslynAnalysisRunner will not be running.
RoslynAnalysisRunner has terminated.
Mono: successfully reloaded assembly
- Completed reload, in  1.707 seconds
Platform modules already initialized, skipping
Switching build target platform(5) subTarget(0) extendedPlatform(0) -> platform(13) subTarget(537395200) extendedPlatform(0)
Refreshing native plugins compatible for Editor in 0.44 ms, found 0 plugins.
Preloading 0 native plugins for Editor in 0.00 ms.
Unloading 1126 Unused Serialized files (Serialized files now loaded: 0)
System memory in use before: 58.3 MB.
System memory in use after: 58.4 MB.

Unloading 5 unused Assets to reduce memory usage. Loaded Objects now: 1595.
Total: 3.583600 ms (FindLiveObjects: 0.253200 ms CreateObjectMapping: 0.076900 ms MarkObjects: 3.150300 ms  DeleteObjects: 0.100600 ms)

AssetImportParameters requested are different than current active one (requested -> active):
  custom:graphics/normal-map-encoding: 01000000000000000000000000000000 -> 02000000000000000000000000000000
========================================================================
Received Import Request.
  Time since last request: 94.033361 seconds.
  path: Assets/Scripts/Car/SportCar.cs
  artifactKey: Guid(a7f853ccba3e3664cb1d592e349825a1) Importer(815301076,1909f56bfc062723c751e8b465ee728b)
Start importing Assets/Scripts/Car/SportCar.cs using Guid(a7f853ccba3e3664cb1d592e349825a1) Importer(815301076,1909f56bfc062723c751e8b465ee728b)  -> (artifact id: 'e3d36c8dadf71ef08e32e3c7fec7b173') in 0.038895 seconds
  Import took 0.056355 seconds .

========================================================================
Received Prepare
Registering precompiled user dll's ...
Registered in 0.001366 seconds.
Begin MonoManager ReloadAssembly
Native extension for WindowsStandalone target not found
Native extension for WebGL target not found
Refreshing native plugins compatible for Editor in 0.46 ms, found 0 plugins.
Preloading 0 native plugins for Editor in 0.00 ms.
Invoked RoslynAnalysisRunner static constructor.
RoslynAnalysisRunner will not be running.
RoslynAnalysisRunner has terminated.
Mono: successfully reloaded assembly
- Completed reload, in  2.478 seconds
Platform modules already initialized, skipping
Switching build target platform(5) subTarget(0) extendedPlatform(0) -> platform(13) subTarget(537395200) extendedPlatform(0)
Refreshing native plugins compatible for Editor in 0.30 ms, found 0 plugins.
Preloading 0 native plugins for Editor in 0.00 ms.
Unloading 1127 Unused Serialized files (Serialized files now loaded: 0)
System memory in use before: 58.3 MB.
System memory in use after: 58.4 MB.

Unloading 5 unused Assets to reduce memory usage. Loaded Objects now: 1599.
Total: 3.338400 ms (FindLiveObjects: 0.184600 ms CreateObjectMapping: 0.056700 ms MarkObjects: 3.021900 ms  DeleteObjects: 0.073400 ms)

AssetImportParameters requested are different than current active one (requested -> active):
  custom:graphics/normal-map-encoding: 01000000000000000000000000000000 -> 02000000000000000000000000000000
========================================================================
Received Import Request.
  Time since last request: 342.396067 seconds.
  path: Assets/Scripts/Car/SportCar.cs
  artifactKey: Guid(a7f853ccba3e3664cb1d592e349825a1) Importer(815301076,1909f56bfc062723c751e8b465ee728b)
Start importing Assets/Scripts/Car/SportCar.cs using Guid(a7f853ccba3e3664cb1d592e349825a1) Importer(815301076,1909f56bfc062723c751e8b465ee728b)  -> (artifact id: 'ed940305790b11929af01a2080b53948') in 0.019217 seconds
  Import took 0.030713 seconds .

========================================================================
Received Prepare
Registering precompiled user dll's ...
Registered in 0.001742 seconds.
Begin MonoManager ReloadAssembly
Native extension for WindowsStandalone target not found
Native extension for WebGL target not found
Refreshing native plugins compatible for Editor in 0.29 ms, found 0 plugins.
Preloading 0 native plugins for Editor in 0.00 ms.
Invoked RoslynAnalysisRunner static constructor.
RoslynAnalysisRunner will not be running.
RoslynAnalysisRunner has terminated.
Mono: successfully reloaded assembly
- Completed reload, in  1.835 seconds
Platform modules already initialized, skipping
Switching build target platform(5) subTarget(0) extendedPlatform(0) -> platform(13) subTarget(537395200) extendedPlatform(0)
Refreshing native plugins compatible for Editor in 0.28 ms, found 0 plugins.
Preloading 0 native plugins for Editor in 0.00 ms.
Unloading 1127 Unused Serialized files (Serialized files now loaded: 0)
System memory in use before: 58.3 MB.
System memory in use after: 58.4 MB.

Unloading 5 unused Assets to reduce memory usage. Loaded Objects now: 1602.
Total: 4.705300 ms (FindLiveObjects: 0.272600 ms CreateObjectMapping: 0.095600 ms MarkObjects: 4.258300 ms  DeleteObjects: 0.076800 ms)

AssetImportParameters requested are different than current active one (requested -> active):
  custom:graphics/normal-map-encoding: 01000000000000000000000000000000 -> 02000000000000000000000000000000
========================================================================
Received Import Request.
  Time since last request: 14.487361 seconds.
  path: Assets/Scripts/Car/DailyCar.cs
  artifactKey: Guid(d67d0dd6509e89b47a84aa9cd190c561) Importer(815301076,1909f56bfc062723c751e8b465ee728b)
Start importing Assets/Scripts/Car/DailyCar.cs using Guid(d67d0dd6509e89b47a84aa9cd190c561) Importer(815301076,1909f56bfc062723c751e8b465ee728b)  -> (artifact id: '75ab31170d9b0e458e7d09ae5d08bd79') in 0.012953 seconds
  Import took 0.019896 seconds .

========================================================================
Received Prepare
Registering precompiled user dll's ...
Registered in 0.001834 seconds.
Begin MonoManager ReloadAssembly
Native extension for WindowsStandalone target not found
Native extension for WebGL target not found
Refreshing native plugins compatible for Editor in 0.29 ms, found 0 plugins.
Preloading 0 native plugins for Editor in 0.00 ms.
Invoked RoslynAnalysisRunner static constructor.
RoslynAnalysisRunner will not be running.
RoslynAnalysisRunner has terminated.
Mono: successfully reloaded assembly
- Completed reload, in  5.212 seconds
Platform modules already initialized, skipping
Switching build target platform(5) subTarget(0) extendedPlatform(0) -> platform(13) subTarget(537395200) extendedPlatform(0)
Refreshing native plugins compatible for Editor in 0.43 ms, found 0 plugins.
Preloading 0 native plugins for Editor in 0.00 ms.
Unloading 1128 Unused Serialized files (Serialized files now loaded: 0)
System memory in use before: 58.4 MB.
System memory in use after: 58.4 MB.

Unloading 5 unused Assets to reduce memory usage. Loaded Objects now: 1606.
Total: 3.591500 ms (FindLiveObjects: 0.239300 ms CreateObjectMapping: 0.076400 ms MarkObjects: 3.185800 ms  DeleteObjects: 0.088100 ms)

AssetImportParameters requested are different than current active one (requested -> active):
  custom:graphics/normal-map-encoding: 01000000000000000000000000000000 -> 02000000000000000000000000000000
========================================================================
Received Import Request.
  Time since last request: 144.815078 seconds.
  path: Assets/Scripts/Car/DailyCar.cs
  artifactKey: Guid(d67d0dd6509e89b47a84aa9cd190c561) Importer(815301076,1909f56bfc062723c751e8b465ee728b)
Start importing Assets/Scripts/Car/DailyCar.cs using Guid(d67d0dd6509e89b47a84aa9cd190c561) Importer(815301076,1909f56bfc062723c751e8b465ee728b)  -> (artifact id: '5120de46ac5020759fa07c460072c96c') in 0.026949 seconds
  Import took 0.047103 seconds .

========================================================================
Received Prepare
Registering precompiled user dll's ...
Registered in 0.002263 seconds.
Begin MonoManager ReloadAssembly
Native extension for WindowsStandalone target not found
Native extension for WebGL target not found
Refreshing native plugins compatible for Editor in 0.30 ms, found 0 plugins.
Preloading 0 native plugins for Editor in 0.00 ms.
Invoked RoslynAnalysisRunner static constructor.
RoslynAnalysisRunner will not be running.
RoslynAnalysisRunner has terminated.
Mono: successfully reloaded assembly
- Completed reload, in  2.702 seconds
Platform modules already initialized, skipping
Switching build target platform(5) subTarget(0) extendedPlatform(0) -> platform(13) subTarget(537395200) extendedPlatform(0)
Refreshing native plugins compatible for Editor in 0.30 ms, found 0 plugins.
Preloading 0 native plugins for Editor in 0.00 ms.
Unloading 1128 Unused Serialized files (Serialized files now loaded: 0)
System memory in use before: 58.4 MB.
System memory in use after: 58.4 MB.

Unloading 5 unused Assets to reduce memory usage. Loaded Objects now: 1609.
Total: 2.582200 ms (FindLiveObjects: 0.215200 ms CreateObjectMapping: 0.064500 ms MarkObjects: 2.221500 ms  DeleteObjects: 0.078900 ms)

AssetImportParameters requested are different than current active one (requested -> active):
  custom:graphics/normal-map-encoding: 01000000000000000000000000000000 -> 02000000000000000000000000000000
========================================================================
Received Import Request.
  Time since last request: 49.952581 seconds.
  path: Assets/Scripts/Car/BusCar.cs
  artifactKey: Guid(00385fc4a974a1c48be2026f840a6a95) Importer(815301076,1909f56bfc062723c751e8b465ee728b)
Start importing Assets/Scripts/Car/BusCar.cs using Guid(00385fc4a974a1c48be2026f840a6a95) Importer(815301076,1909f56bfc062723c751e8b465ee728b)  -> (artifact id: 'feca4c0015bee8f5245fc894eaf5d76d') in 0.018124 seconds
  Import took 0.023907 seconds .

========================================================================
Received Prepare
Registering precompiled user dll's ...
Registered in 0.001358 seconds.
Begin MonoManager ReloadAssembly
Native extension for WindowsStandalone target not found
Native extension for WebGL target not found
Refreshing native plugins compatible for Editor in 0.31 ms, found 0 plugins.
Preloading 0 native plugins for Editor in 0.00 ms.
Invoked RoslynAnalysisRunner static constructor.
RoslynAnalysisRunner will not be running.
RoslynAnalysisRunner has terminated.
Mono: successfully reloaded assembly
- Completed reload, in  1.913 seconds
Platform modules already initialized, skipping
Switching build target platform(5) subTarget(0) extendedPlatform(0) -> platform(13) subTarget(537395200) extendedPlatform(0)
Refreshing native plugins compatible for Editor in 0.27 ms, found 0 plugins.
Preloading 0 native plugins for Editor in 0.00 ms.
Unloading 1129 Unused Serialized files (Serialized files now loaded: 0)
System memory in use before: 58.4 MB.
System memory in use after: 58.5 MB.

Unloading 5 unused Assets to reduce memory usage. Loaded Objects now: 1613.
Total: 2.582600 ms (FindLiveObjects: 0.238200 ms CreateObjectMapping: 0.058400 ms MarkObjects: 2.212900 ms  DeleteObjects: 0.071200 ms)

AssetImportParameters requested are different than current active one (requested -> active):
  custom:graphics/normal-map-encoding: 01000000000000000000000000000000 -> 02000000000000000000000000000000
========================================================================
Received Import Request.
  Time since last request: 23.524194 seconds.
  path: Assets/Scripts/Car/TruckCar.cs
  artifactKey: Guid(4f390d0373ff04849b8eadad25896166) Importer(815301076,1909f56bfc062723c751e8b465ee728b)
Start importing Assets/Scripts/Car/TruckCar.cs using Guid(4f390d0373ff04849b8eadad25896166) Importer(815301076,1909f56bfc062723c751e8b465ee728b)  -> (artifact id: '07f48abe278b6f62c08566fcafb589c9') in 0.037222 seconds
  Import took 0.042980 seconds .

========================================================================
Received Prepare
Registering precompiled user dll's ...
Registered in 0.001832 seconds.
Begin MonoManager ReloadAssembly
Native extension for WindowsStandalone target not found
Native extension for WebGL target not found
Refreshing native plugins compatible for Editor in 0.29 ms, found 0 plugins.
Preloading 0 native plugins for Editor in 0.00 ms.
Invoked RoslynAnalysisRunner static constructor.
RoslynAnalysisRunner will not be running.
RoslynAnalysisRunner has terminated.
Mono: successfully reloaded assembly
- Completed reload, in  2.149 seconds
Platform modules already initialized, skipping
Switching build target platform(5) subTarget(0) extendedPlatform(0) -> platform(13) subTarget(537395200) extendedPlatform(0)
Refreshing native plugins compatible for Editor in 0.29 ms, found 0 plugins.
Preloading 0 native plugins for Editor in 0.00 ms.
Unloading 1130 Unused Serialized files (Serialized files now loaded: 0)
System memory in use before: 58.4 MB.
System memory in use after: 58.5 MB.

Unloading 5 unused Assets to reduce memory usage. Loaded Objects now: 1617.
Total: 2.650900 ms (FindLiveObjects: 0.209900 ms CreateObjectMapping: 0.064700 ms MarkObjects: 2.298400 ms  DeleteObjects: 0.075800 ms)

AssetImportParameters requested are different than current active one (requested -> active):
  custom:graphics/normal-map-encoding: 01000000000000000000000000000000 -> 02000000000000000000000000000000
========================================================================
Received Import Request.
  Time since last request: 32.249440 seconds.
  path: Assets/Scripts/Car/BusCar.cs
  artifactKey: Guid(00385fc4a974a1c48be2026f840a6a95) Importer(815301076,1909f56bfc062723c751e8b465ee728b)
Start importing Assets/Scripts/Car/BusCar.cs using Guid(00385fc4a974a1c48be2026f840a6a95) Importer(815301076,1909f56bfc062723c751e8b465ee728b)  -> (artifact id: 'c66c3bde825597e4008050043180a554') in 0.138682 seconds
  Import took 0.227288 seconds .

========================================================================
Received Import Request.
  Time since last request: 62.977203 seconds.
  path: Assets/Scripts/Car/BusCar.cs
  artifactKey: Guid(00385fc4a974a1c48be2026f840a6a95) Importer(815301076,1909f56bfc062723c751e8b465ee728b)
Start importing Assets/Scripts/Car/BusCar.cs using Guid(00385fc4a974a1c48be2026f840a6a95) Importer(815301076,1909f56bfc062723c751e8b465ee728b)  -> (artifact id: 'ef24de4be7c12c5ddf7f1df910f5aac8') in 0.024545 seconds
  Import took 0.031247 seconds .

========================================================================
Received Import Request.
  Time since last request: 0.148297 seconds.
  path: Assets/Scripts/Car/BusCar.cs
  artifactKey: Guid(00385fc4a974a1c48be2026f840a6a95) Importer(815301076,1909f56bfc062723c751e8b465ee728b)
Start importing Assets/Scripts/Car/BusCar.cs using Guid(00385fc4a974a1c48be2026f840a6a95) Importer(815301076,1909f56bfc062723c751e8b465ee728b)  -> (artifact id: 'ef24de4be7c12c5ddf7f1df910f5aac8') in 0.012526 seconds
  Import took 0.036438 seconds .

========================================================================
Received Prepare
Registering precompiled user dll's ...
Registered in 0.001860 seconds.
Begin MonoManager ReloadAssembly
Native extension for WindowsStandalone target not found
Native extension for WebGL target not found
Refreshing native plugins compatible for Editor in 0.32 ms, found 0 plugins.
Preloading 0 native plugins for Editor in 0.00 ms.
Invoked RoslynAnalysisRunner static constructor.
RoslynAnalysisRunner will not be running.
RoslynAnalysisRunner has terminated.
Mono: successfully reloaded assembly
- Completed reload, in  2.112 seconds
Platform modules already initialized, skipping
Switching build target platform(5) subTarget(0) extendedPlatform(0) -> platform(13) subTarget(537395200) extendedPlatform(0)
Refreshing native plugins compatible for Editor in 0.30 ms, found 0 plugins.
Preloading 0 native plugins for Editor in 0.00 ms.
Unloading 1130 Unused Serialized files (Serialized files now loaded: 0)
System memory in use before: 58.4 MB.
System memory in use after: 58.5 MB.

Unloading 5 unused Assets to reduce memory usage. Loaded Objects now: 1620.
Total: 2.483600 ms (FindLiveObjects: 0.260900 ms CreateObjectMapping: 0.083100 ms MarkObjects: 2.066700 ms  DeleteObjects: 0.071100 ms)

AssetImportParameters requested are different than current active one (requested -> active):
  custom:graphics/normal-map-encoding: 01000000000000000000000000000000 -> 02000000000000000000000000000000
========================================================================
Received Prepare
Registering precompiled user dll's ...
Registered in 0.002166 seconds.
Begin MonoManager ReloadAssembly
Native extension for WindowsStandalone target not found
Native extension for WebGL target not found
Refreshing native plugins compatible for Editor in 0.32 ms, found 0 plugins.
Preloading 0 native plugins for Editor in 0.00 ms.
Invoked RoslynAnalysisRunner static constructor.
RoslynAnalysisRunner will not be running.
RoslynAnalysisRunner has terminated.
Mono: successfully reloaded assembly
- Completed reload, in  2.030 seconds
Platform modules already initialized, skipping
Switching build target platform(5) subTarget(0) extendedPlatform(0) -> platform(13) subTarget(537395200) extendedPlatform(0)
Refreshing native plugins compatible for Editor in 0.44 ms, found 0 plugins.
Preloading 0 native plugins for Editor in 0.00 ms.
Unloading 1130 Unused Serialized files (Serialized files now loaded: 0)
System memory in use before: 58.4 MB.
System memory in use after: 58.5 MB.

Unloading 5 unused Assets to reduce memory usage. Loaded Objects now: 1623.
Total: 9.306200 ms (FindLiveObjects: 0.357000 ms CreateObjectMapping: 0.285400 ms MarkObjects: 8.553800 ms  DeleteObjects: 0.107200 ms)

AssetImportParameters requested are different than current active one (requested -> active):
  custom:graphics/normal-map-encoding: 01000000000000000000000000000000 -> 02000000000000000000000000000000
========================================================================
Received Import Request.
  Time since last request: 258.379128 seconds.
  path: Assets/Scripts/Car/BusCar.cs
  artifactKey: Guid(00385fc4a974a1c48be2026f840a6a95) Importer(815301076,1909f56bfc062723c751e8b465ee728b)
Start importing Assets/Scripts/Car/BusCar.cs using Guid(00385fc4a974a1c48be2026f840a6a95) Importer(815301076,1909f56bfc062723c751e8b465ee728b)  -> (artifact id: '987f087fe33fce616218f8a2d14a6788') in 0.007844 seconds
  Import took 0.012292 seconds .

========================================================================
Received Import Request.
  Time since last request: 113.112014 seconds.
  path: Assets/Scripts/Car/TruckCar.cs
  artifactKey: Guid(4f390d0373ff04849b8eadad25896166) Importer(815301076,1909f56bfc062723c751e8b465ee728b)
Start importing Assets/Scripts/Car/TruckCar.cs using Guid(4f390d0373ff04849b8eadad25896166) Importer(815301076,1909f56bfc062723c751e8b465ee728b)  -> (artifact id: '00d0d7223cacaa3bf1c95cc396abcae6') in 0.006115 seconds
  Import took 0.017292 seconds .

========================================================================
Received Prepare
Registering precompiled user dll's ...
Registered in 0.001377 seconds.
Begin MonoManager ReloadAssembly
Native extension for WindowsStandalone target not found
Native extension for WebGL target not found
Refreshing native plugins compatible for Editor in 0.30 ms, found 0 plugins.
Preloading 0 native plugins for Editor in 0.00 ms.
Invoked RoslynAnalysisRunner static constructor.
RoslynAnalysisRunner will not be running.
RoslynAnalysisRunner has terminated.
Mono: successfully reloaded assembly
- Completed reload, in  1.917 seconds
Platform modules already initialized, skipping
Switching build target platform(5) subTarget(0) extendedPlatform(0) -> platform(13) subTarget(537395200) extendedPlatform(0)
Refreshing native plugins compatible for Editor in 0.46 ms, found 0 plugins.
Preloading 0 native plugins for Editor in 0.00 ms.
Unloading 1130 Unused Serialized files (Serialized files now loaded: 0)
System memory in use before: 58.4 MB.
System memory in use after: 58.5 MB.

Unloading 5 unused Assets to reduce memory usage. Loaded Objects now: 1626.
Total: 3.572600 ms (FindLiveObjects: 0.277200 ms CreateObjectMapping: 0.089500 ms MarkObjects: 3.107900 ms  DeleteObjects: 0.095700 ms)

AssetImportParameters requested are different than current active one (requested -> active):
  custom:graphics/normal-map-encoding: 01000000000000000000000000000000 -> 02000000000000000000000000000000
========================================================================
Received Import Request.
  Time since last request: 96.718596 seconds.
  path: Assets/Scripts/Car/TruckCar.cs
  artifactKey: Guid(4f390d0373ff04849b8eadad25896166) Importer(815301076,1909f56bfc062723c751e8b465ee728b)
Start importing Assets/Scripts/Car/TruckCar.cs using Guid(4f390d0373ff04849b8eadad25896166) Importer(815301076,1909f56bfc062723c751e8b465ee728b)  -> (artifact id: '7cc0314d5e94a4b28b0b84dc90da039d') in 0.225068 seconds
  Import took 0.276092 seconds .

========================================================================
Received Prepare
Registering precompiled user dll's ...
Registered in 0.001360 seconds.
Begin MonoManager ReloadAssembly
Native extension for WindowsStandalone target not found
Native extension for WebGL target not found
Refreshing native plugins compatible for Editor in 0.29 ms, found 0 plugins.
Preloading 0 native plugins for Editor in 0.00 ms.
Invoked RoslynAnalysisRunner static constructor.
RoslynAnalysisRunner will not be running.
RoslynAnalysisRunner has terminated.
Mono: successfully reloaded assembly
- Completed reload, in  2.051 seconds
Platform modules already initialized, skipping
Switching build target platform(5) subTarget(0) extendedPlatform(0) -> platform(13) subTarget(537395200) extendedPlatform(0)
Refreshing native plugins compatible for Editor in 0.28 ms, found 0 plugins.
Preloading 0 native plugins for Editor in 0.00 ms.
Unloading 1130 Unused Serialized files (Serialized files now loaded: 0)
System memory in use before: 58.4 MB.
System memory in use after: 58.5 MB.

Unloading 5 unused Assets to reduce memory usage. Loaded Objects now: 1629.
Total: 2.605000 ms (FindLiveObjects: 0.186000 ms CreateObjectMapping: 0.053400 ms MarkObjects: 2.290400 ms  DeleteObjects: 0.073600 ms)

AssetImportParameters requested are different than current active one (requested -> active):
  custom:graphics/normal-map-encoding: 01000000000000000000000000000000 -> 02000000000000000000000000000000
========================================================================
Received Import Request.
  Time since last request: 174.776188 seconds.
  path: Assets/Scripts/Screen
  artifactKey: Guid(6065bcbd0d195e04da99bfe19bf2a1a0) Importer(815301076,1909f56bfc062723c751e8b465ee728b)
Start importing Assets/Scripts/Screen using Guid(6065bcbd0d195e04da99bfe19bf2a1a0) Importer(815301076,1909f56bfc062723c751e8b465ee728b)  -> (artifact id: '9ad0b391b6a5f13dd24f6a595f1767dc') in 0.028086 seconds
  Import took 0.040761 seconds .

========================================================================
Received Import Request.
  Time since last request: 3.352886 seconds.
  path: Assets/Scripts/DataBaseScreen.cs
  artifactKey: Guid(358c7613ab949da439ad98c8bcc17ed0) Importer(815301076,1909f56bfc062723c751e8b465ee728b)
Start importing Assets/Scripts/DataBaseScreen.cs using Guid(358c7613ab949da439ad98c8bcc17ed0) Importer(815301076,1909f56bfc062723c751e8b465ee728b)  -> (artifact id: '2505c81ba34494db4af3ed360446f196') in 0.004347 seconds
  Import took 0.007620 seconds .

========================================================================
Received Import Request.
  Time since last request: 0.078226 seconds.
  path: Assets/Scripts/DataBaseScreen.cs
  artifactKey: Guid(358c7613ab949da439ad98c8bcc17ed0) Importer(815301076,1909f56bfc062723c751e8b465ee728b)
Start importing Assets/Scripts/DataBaseScreen.cs using Guid(358c7613ab949da439ad98c8bcc17ed0) Importer(815301076,1909f56bfc062723c751e8b465ee728b)  -> (artifact id: '2505c81ba34494db4af3ed360446f196') in 0.004016 seconds
  Import took 0.007916 seconds .

========================================================================
Received Import Request.
  Time since last request: 2.975557 seconds.
  path: Assets/Scripts/MenuScreen.cs
  artifactKey: Guid(9d6effeffd476394ebd95feb6209a666) Importer(815301076,1909f56bfc062723c751e8b465ee728b)
Start importing Assets/Scripts/MenuScreen.cs using Guid(9d6effeffd476394ebd95feb6209a666) Importer(815301076,1909f56bfc062723c751e8b465ee728b)  -> (artifact id: '1135bcb27736c3f79372a620965c4e0f') in 0.009892 seconds
  Import took 0.014939 seconds .

========================================================================
Received Import Request.
  Time since last request: 0.003169 seconds.
  path: Assets/Scripts/MenuScreen.cs
  artifactKey: Guid(9d6effeffd476394ebd95feb6209a666) Importer(815301076,1909f56bfc062723c751e8b465ee728b)
Start importing Assets/Scripts/MenuScreen.cs using Guid(9d6effeffd476394ebd95feb6209a666) Importer(815301076,1909f56bfc062723c751e8b465ee728b)  -> (artifact id: '1135bcb27736c3f79372a620965c4e0f') in 0.005669 seconds
  Import took 0.012022 seconds .

========================================================================
Received Prepare
Registering precompiled user dll's ...
Registered in 0.002808 seconds.
Begin MonoManager ReloadAssembly
Native extension for WindowsStandalone target not found
Native extension for WebGL target not found
Refreshing native plugins compatible for Editor in 0.29 ms, found 0 plugins.
Preloading 0 native plugins for Editor in 0.00 ms.
Invoked RoslynAnalysisRunner static constructor.
RoslynAnalysisRunner will not be running.
RoslynAnalysisRunner has terminated.
Mono: successfully reloaded assembly
- Completed reload, in  2.139 seconds
Platform modules already initialized, skipping
Switching build target platform(5) subTarget(0) extendedPlatform(0) -> platform(13) subTarget(537395200) extendedPlatform(0)
Refreshing native plugins compatible for Editor in 0.29 ms, found 0 plugins.
Preloading 0 native plugins for Editor in 0.00 ms.
Unloading 1130 Unused Serialized files (Serialized files now loaded: 0)
System memory in use before: 58.4 MB.
System memory in use after: 58.5 MB.

Unloading 5 unused Assets to reduce memory usage. Loaded Objects now: 1632.
Total: 2.665900 ms (FindLiveObjects: 0.170200 ms CreateObjectMapping: 0.049500 ms MarkObjects: 2.366500 ms  DeleteObjects: 0.078100 ms)

AssetImportParameters requested are different than current active one (requested -> active):
  custom:graphics/normal-map-encoding: 01000000000000000000000000000000 -> 02000000000000000000000000000000
========================================================================
Received Import Request.
  Time since last request: 20.498874 seconds.
  path: Assets/Scripts/Screen/ScreenBase.cs
  artifactKey: Guid(20b9aace61cff7d40b456eae46ecd612) Importer(815301076,1909f56bfc062723c751e8b465ee728b)
Start importing Assets/Scripts/Screen/ScreenBase.cs using Guid(20b9aace61cff7d40b456eae46ecd612) Importer(815301076,1909f56bfc062723c751e8b465ee728b)  -> (artifact id: '0e0b3e4d96ced087875c715510973dc1') in 0.019824 seconds
  Import took 0.027549 seconds .

========================================================================
Received Prepare
Registering precompiled user dll's ...
Registered in 0.005076 seconds.
Begin MonoManager ReloadAssembly
Native extension for WindowsStandalone target not found
Native extension for WebGL target not found
Refreshing native plugins compatible for Editor in 0.28 ms, found 0 plugins.
Preloading 0 native plugins for Editor in 0.00 ms.
Invoked RoslynAnalysisRunner static constructor.
RoslynAnalysisRunner will not be running.
RoslynAnalysisRunner has terminated.
Mono: successfully reloaded assembly
- Completed reload, in  1.879 seconds
Platform modules already initialized, skipping
Switching build target platform(5) subTarget(0) extendedPlatform(0) -> platform(13) subTarget(537395200) extendedPlatform(0)
Refreshing native plugins compatible for Editor in 0.40 ms, found 0 plugins.
Preloading 0 native plugins for Editor in 0.00 ms.
Unloading 1131 Unused Serialized files (Serialized files now loaded: 0)
System memory in use before: 58.5 MB.
System memory in use after: 58.5 MB.

Unloading 5 unused Assets to reduce memory usage. Loaded Objects now: 1636.
Total: 2.778200 ms (FindLiveObjects: 0.221400 ms CreateObjectMapping: 0.067300 ms MarkObjects: 2.414000 ms  DeleteObjects: 0.073800 ms)

AssetImportParameters requested are different than current active one (requested -> active):
  custom:graphics/normal-map-encoding: 01000000000000000000000000000000 -> 02000000000000000000000000000000
========================================================================
Received Prepare
Registering precompiled user dll's ...
Registered in 0.001344 seconds.
Begin MonoManager ReloadAssembly
Native extension for WindowsStandalone target not found
Native extension for WebGL target not found
Refreshing native plugins compatible for Editor in 0.29 ms, found 0 plugins.
Preloading 0 native plugins for Editor in 0.00 ms.
Invoked RoslynAnalysisRunner static constructor.
RoslynAnalysisRunner will not be running.
RoslynAnalysisRunner has terminated.
Mono: successfully reloaded assembly
- Completed reload, in  1.967 seconds
Platform modules already initialized, skipping
Switching build target platform(5) subTarget(0) extendedPlatform(0) -> platform(13) subTarget(537395200) extendedPlatform(0)
Refreshing native plugins compatible for Editor in 0.31 ms, found 0 plugins.
Preloading 0 native plugins for Editor in 0.00 ms.
Unloading 1131 Unused Serialized files (Serialized files now loaded: 0)
System memory in use before: 58.5 MB.
System memory in use after: 58.5 MB.

Unloading 5 unused Assets to reduce memory usage. Loaded Objects now: 1639.
Total: 2.680000 ms (FindLiveObjects: 0.180700 ms CreateObjectMapping: 0.055500 ms MarkObjects: 2.372500 ms  DeleteObjects: 0.069400 ms)

AssetImportParameters requested are different than current active one (requested -> active):
  custom:graphics/normal-map-encoding: 01000000000000000000000000000000 -> 02000000000000000000000000000000
========================================================================
Received Prepare
Registering precompiled user dll's ...
Registered in 0.001389 seconds.
Begin MonoManager ReloadAssembly
Native extension for WindowsStandalone target not found
Native extension for WebGL target not found
Refreshing native plugins compatible for Editor in 0.32 ms, found 0 plugins.
Preloading 0 native plugins for Editor in 0.00 ms.
Invoked RoslynAnalysisRunner static constructor.
RoslynAnalysisRunner will not be running.
RoslynAnalysisRunner has terminated.
Mono: successfully reloaded assembly
- Completed reload, in  2.064 seconds
Platform modules already initialized, skipping
Switching build target platform(5) subTarget(0) extendedPlatform(0) -> platform(13) subTarget(537395200) extendedPlatform(0)
Refreshing native plugins compatible for Editor in 0.88 ms, found 0 plugins.
Preloading 0 native plugins for Editor in 0.00 ms.
Unloading 1131 Unused Serialized files (Serialized files now loaded: 0)
System memory in use before: 58.5 MB.
System memory in use after: 58.5 MB.

Unloading 5 unused Assets to reduce memory usage. Loaded Objects now: 1642.
Total: 17.502000 ms (FindLiveObjects: 0.634600 ms CreateObjectMapping: 0.145500 ms MarkObjects: 16.619800 ms  DeleteObjects: 0.099200 ms)

AssetImportParameters requested are different than current active one (requested -> active):
  custom:graphics/normal-map-encoding: 01000000000000000000000000000000 -> 02000000000000000000000000000000
========================================================================
Received Prepare
Registering precompiled user dll's ...
Registered in 0.001350 seconds.
Begin MonoManager ReloadAssembly
Native extension for WindowsStandalone target not found
Native extension for WebGL target not found
Refreshing native plugins compatible for Editor in 0.43 ms, found 0 plugins.
Preloading 0 native plugins for Editor in 0.00 ms.
Invoked RoslynAnalysisRunner static constructor.
RoslynAnalysisRunner will not be running.
RoslynAnalysisRunner has terminated.
Mono: successfully reloaded assembly
- Completed reload, in  2.084 seconds
Platform modules already initialized, skipping
Switching build target platform(5) subTarget(0) extendedPlatform(0) -> platform(13) subTarget(537395200) extendedPlatform(0)
Refreshing native plugins compatible for Editor in 0.28 ms, found 0 plugins.
Preloading 0 native plugins for Editor in 0.00 ms.
Unloading 1131 Unused Serialized files (Serialized files now loaded: 0)
System memory in use before: 58.5 MB.
System memory in use after: 58.6 MB.

Unloading 5 unused Assets to reduce memory usage. Loaded Objects now: 1645.
Total: 2.513300 ms (FindLiveObjects: 0.324600 ms CreateObjectMapping: 0.079100 ms MarkObjects: 2.036800 ms  DeleteObjects: 0.071000 ms)

AssetImportParameters requested are different than current active one (requested -> active):
  custom:graphics/normal-map-encoding: 01000000000000000000000000000000 -> 02000000000000000000000000000000
========================================================================
Received Prepare
Registering precompiled user dll's ...
Registered in 0.002313 seconds.
Begin MonoManager ReloadAssembly
Native extension for WindowsStandalone target not found
Native extension for WebGL target not found
Refreshing native plugins compatible for Editor in 0.28 ms, found 0 plugins.
Preloading 0 native plugins for Editor in 0.00 ms.
Invoked RoslynAnalysisRunner static constructor.
RoslynAnalysisRunner will not be running.
RoslynAnalysisRunner has terminated.
Mono: successfully reloaded assembly
- Completed reload, in  2.013 seconds
Platform modules already initialized, skipping
Switching build target platform(5) subTarget(0) extendedPlatform(0) -> platform(13) subTarget(537395200) extendedPlatform(0)
Refreshing native plugins compatible for Editor in 0.39 ms, found 0 plugins.
Preloading 0 native plugins for Editor in 0.00 ms.
Unloading 1131 Unused Serialized files (Serialized files now loaded: 0)
System memory in use before: 58.5 MB.
System memory in use after: 58.6 MB.

Unloading 5 unused Assets to reduce memory usage. Loaded Objects now: 1648.
Total: 2.763100 ms (FindLiveObjects: 0.247900 ms CreateObjectMapping: 0.067400 ms MarkObjects: 2.373900 ms  DeleteObjects: 0.071900 ms)

AssetImportParameters requested are different than current active one (requested -> active):
  custom:graphics/normal-map-encoding: 01000000000000000000000000000000 -> 02000000000000000000000000000000
========================================================================
Received Prepare
Registering precompiled user dll's ...
Registered in 0.004343 seconds.
Begin MonoManager ReloadAssembly
Native extension for WindowsStandalone target not found
Native extension for WebGL target not found
Refreshing native plugins compatible for Editor in 0.29 ms, found 0 plugins.
Preloading 0 native plugins for Editor in 0.00 ms.
Invoked RoslynAnalysisRunner static constructor.
RoslynAnalysisRunner will not be running.
RoslynAnalysisRunner has terminated.
Mono: successfully reloaded assembly
- Completed reload, in  2.260 seconds
Platform modules already initialized, skipping
Switching build target platform(5) subTarget(0) extendedPlatform(0) -> platform(13) subTarget(537395200) extendedPlatform(0)
Refreshing native plugins compatible for Editor in 0.30 ms, found 0 plugins.
Preloading 0 native plugins for Editor in 0.00 ms.
Unloading 1131 Unused Serialized files (Serialized files now loaded: 0)
System memory in use before: 58.5 MB.
System memory in use after: 58.6 MB.

Unloading 5 unused Assets to reduce memory usage. Loaded Objects now: 1651.
Total: 2.532000 ms (FindLiveObjects: 0.285900 ms CreateObjectMapping: 0.093600 ms MarkObjects: 2.077900 ms  DeleteObjects: 0.072700 ms)

AssetImportParameters requested are different than current active one (requested -> active):
  custom:graphics/normal-map-encoding: 01000000000000000000000000000000 -> 02000000000000000000000000000000
========================================================================
Received Prepare
Registering precompiled user dll's ...
Registered in 0.001932 seconds.
Begin MonoManager ReloadAssembly
Native extension for WindowsStandalone target not found
Native extension for WebGL target not found
Refreshing native plugins compatible for Editor in 0.29 ms, found 0 plugins.
Preloading 0 native plugins for Editor in 0.00 ms.
Invoked RoslynAnalysisRunner static constructor.
RoslynAnalysisRunner will not be running.
RoslynAnalysisRunner has terminated.
Mono: successfully reloaded assembly
- Completed reload, in  2.040 seconds
Platform modules already initialized, skipping
Switching build target platform(5) subTarget(0) extendedPlatform(0) -> platform(13) subTarget(537395200) extendedPlatform(0)
Refreshing native plugins compatible for Editor in 0.44 ms, found 0 plugins.
Preloading 0 native plugins for Editor in 0.00 ms.
Unloading 1131 Unused Serialized files (Serialized files now loaded: 0)
System memory in use before: 58.5 MB.
System memory in use after: 58.6 MB.

Unloading 5 unused Assets to reduce memory usage. Loaded Objects now: 1654.
Total: 3.075700 ms (FindLiveObjects: 0.242700 ms CreateObjectMapping: 0.092300 ms MarkObjects: 2.662800 ms  DeleteObjects: 0.075900 ms)

AssetImportParameters requested are different than current active one (requested -> active):
  custom:graphics/normal-map-encoding: 01000000000000000000000000000000 -> 02000000000000000000000000000000
========================================================================
Received Import Request.
  Time since last request: 520.515329 seconds.
  path: Assets/CarDataBase DELETE
  artifactKey: Guid(e1d0d88e7385c6a41a6b8d41f35d9f24) Importer(815301076,1909f56bfc062723c751e8b465ee728b)
Start importing Assets/CarDataBase DELETE using Guid(e1d0d88e7385c6a41a6b8d41f35d9f24) Importer(815301076,1909f56bfc062723c751e8b465ee728b)  -> (artifact id: 'f36cd46e6eecad5e45fe8c5a6a93f5f1') in 0.016724 seconds
  Import took 0.021314 seconds .

========================================================================
Received Import Request.
  Time since last request: 36.338573 seconds.
  path: Assets/Resources/CarDataBase/Bentley.asset
  artifactKey: Guid(7b6b994615f0f334f8574c2ad0328434) Importer(815301076,1909f56bfc062723c751e8b465ee728b)
Start importing Assets/Resources/CarDataBase/Bentley.asset using Guid(7b6b994615f0f334f8574c2ad0328434) Importer(815301076,1909f56bfc062723c751e8b465ee728b)  -> (artifact id: 'fd2a86921ed261814929b56ec3da36cd') in 0.022426 seconds
  Import took 0.026633 seconds .

========================================================================
Received Import Request.
  Time since last request: 0.005531 seconds.
  path: Assets/Resources/CarDataBase/Bentley.asset
  artifactKey: Guid(7b6b994615f0f334f8574c2ad0328434) Importer(815301076,1909f56bfc062723c751e8b465ee728b)
Start importing Assets/Resources/CarDataBase/Bentley.asset using Guid(7b6b994615f0f334f8574c2ad0328434) Importer(815301076,1909f56bfc062723c751e8b465ee728b)  -> (artifact id: 'fd2a86921ed261814929b56ec3da36cd') in 0.006585 seconds
  Import took 0.010617 seconds .

========================================================================
Received Import Request.
  Time since last request: 21.839767 seconds.
  path: Assets/Resources/CarDataBase/Dodge.asset
  artifactKey: Guid(6ba38e90227910e429c1604f1b32b67d) Importer(815301076,1909f56bfc062723c751e8b465ee728b)
Start importing Assets/Resources/CarDataBase/Dodge.asset using Guid(6ba38e90227910e429c1604f1b32b67d) Importer(815301076,1909f56bfc062723c751e8b465ee728b)  -> (artifact id: 'c114b140cefc8fee6e60eb157e839bd0') in 0.005373 seconds
  Import took 0.008891 seconds .

========================================================================
Received Import Request.
  Time since last request: 0.021044 seconds.
  path: Assets/Resources/CarDataBase/Dodge.asset
  artifactKey: Guid(6ba38e90227910e429c1604f1b32b67d) Importer(815301076,1909f56bfc062723c751e8b465ee728b)
Start importing Assets/Resources/CarDataBase/Dodge.asset using Guid(6ba38e90227910e429c1604f1b32b67d) Importer(815301076,1909f56bfc062723c751e8b465ee728b)  -> (artifact id: 'c114b140cefc8fee6e60eb157e839bd0') in 0.004671 seconds
  Import took 0.008693 seconds .

========================================================================
Received Import Request.
  Time since last request: 18.712455 seconds.
  path: Assets/Resources/CarDataBase/Ford.asset
  artifactKey: Guid(d39a555c6b7cb7241a4876d9b2241479) Importer(815301076,1909f56bfc062723c751e8b465ee728b)
Start importing Assets/Resources/CarDataBase/Ford.asset using Guid(d39a555c6b7cb7241a4876d9b2241479) Importer(815301076,1909f56bfc062723c751e8b465ee728b)  -> (artifact id: 'f8154fee0032a2559ff6585a87bafe72') in 0.009636 seconds
  Import took 0.014291 seconds .

========================================================================
Received Import Request.
  Time since last request: 0.021114 seconds.
  path: Assets/Resources/CarDataBase/Ford.asset
  artifactKey: Guid(d39a555c6b7cb7241a4876d9b2241479) Importer(815301076,1909f56bfc062723c751e8b465ee728b)
Start importing Assets/Resources/CarDataBase/Ford.asset using Guid(d39a555c6b7cb7241a4876d9b2241479) Importer(815301076,1909f56bfc062723c751e8b465ee728b)  -> (artifact id: 'f8154fee0032a2559ff6585a87bafe72') in 0.004357 seconds
  Import took 0.008633 seconds .

========================================================================
Received Import Request.
  Time since last request: 8.433827 seconds.
  path: Assets/Resources/CarDataBase/Mazda.asset
  artifactKey: Guid(2ac39671b59740341abd5b19583f4bd2) Importer(815301076,1909f56bfc062723c751e8b465ee728b)
Start importing Assets/Resources/CarDataBase/Mazda.asset using Guid(2ac39671b59740341abd5b19583f4bd2) Importer(815301076,1909f56bfc062723c751e8b465ee728b)  -> (artifact id: 'bcb664728ec56d9feeb78bce55897295') in 0.006378 seconds
  Import took 0.010266 seconds .

========================================================================
Received Import Request.
  Time since last request: 0.021853 seconds.
  path: Assets/Resources/CarDataBase/Mazda.asset
  artifactKey: Guid(2ac39671b59740341abd5b19583f4bd2) Importer(815301076,1909f56bfc062723c751e8b465ee728b)
Start importing Assets/Resources/CarDataBase/Mazda.asset using Guid(2ac39671b59740341abd5b19583f4bd2) Importer(815301076,1909f56bfc062723c751e8b465ee728b)  -> (artifact id: 'bcb664728ec56d9feeb78bce55897295') in 0.004894 seconds
  Import took 0.008526 seconds .

========================================================================
Received Import Request.
  Time since last request: 33.687044 seconds.
  path: Assets/Resources/CarDataBase/Mercedes.asset
  artifactKey: Guid(c1affeb4e17aa044fa35ead73b6034d2) Importer(815301076,1909f56bfc062723c751e8b465ee728b)
Start importing Assets/Resources/CarDataBase/Mercedes.asset using Guid(c1affeb4e17aa044fa35ead73b6034d2) Importer(815301076,1909f56bfc062723c751e8b465ee728b)  -> (artifact id: 'ffd39e27ae36f0d5993fa1b1c11fedeb') in 0.006372 seconds
  Import took 0.010881 seconds .

========================================================================
Received Import Request.
  Time since last request: 0.027471 seconds.
  path: Assets/Resources/CarDataBase/Mercedes.asset
  artifactKey: Guid(c1affeb4e17aa044fa35ead73b6034d2) Importer(815301076,1909f56bfc062723c751e8b465ee728b)
Start importing Assets/Resources/CarDataBase/Mercedes.asset using Guid(c1affeb4e17aa044fa35ead73b6034d2) Importer(815301076,1909f56bfc062723c751e8b465ee728b)  -> (artifact id: 'ffd39e27ae36f0d5993fa1b1c11fedeb') in 0.005019 seconds
  Import took 0.008705 seconds .

========================================================================
Received Import Request.
  Time since last request: 37.561239 seconds.
  path: Assets/Resources/CarDataBase/Iveco.asset
  artifactKey: Guid(a61671cd16a31b64c9af85e15d592a5c) Importer(815301076,1909f56bfc062723c751e8b465ee728b)
Start importing Assets/Resources/CarDataBase/Iveco.asset using Guid(a61671cd16a31b64c9af85e15d592a5c) Importer(815301076,1909f56bfc062723c751e8b465ee728b)  -> (artifact id: 'b4e1845747b8257ca2883f0b1ff0b62b') in 0.004618 seconds
  Import took 0.008809 seconds .

========================================================================
Received Import Request.
  Time since last request: 0.020570 seconds.
  path: Assets/Resources/CarDataBase/Iveco.asset
  artifactKey: Guid(a61671cd16a31b64c9af85e15d592a5c) Importer(815301076,1909f56bfc062723c751e8b465ee728b)
Start importing Assets/Resources/CarDataBase/Iveco.asset using Guid(a61671cd16a31b64c9af85e15d592a5c) Importer(815301076,1909f56bfc062723c751e8b465ee728b)  -> (artifact id: 'b4e1845747b8257ca2883f0b1ff0b62b') in 0.005312 seconds
  Import took 0.008920 seconds .

========================================================================
Received Import Request.
  Time since last request: 27.808827 seconds.
  path: Assets/Resources/CarDataBase/Transit.asset
  artifactKey: Guid(d420761d77f45f44298610f3be964946) Importer(815301076,1909f56bfc062723c751e8b465ee728b)
Start importing Assets/Resources/CarDataBase/Transit.asset using Guid(d420761d77f45f44298610f3be964946) Importer(815301076,1909f56bfc062723c751e8b465ee728b)  -> (artifact id: '999e751fc85249342cc759a6cfb77108') in 0.005364 seconds
  Import took 0.008494 seconds .

========================================================================
Received Import Request.
  Time since last request: 0.027281 seconds.
  path: Assets/Resources/CarDataBase/Transit.asset
  artifactKey: Guid(d420761d77f45f44298610f3be964946) Importer(815301076,1909f56bfc062723c751e8b465ee728b)
Start importing Assets/Resources/CarDataBase/Transit.asset using Guid(d420761d77f45f44298610f3be964946) Importer(815301076,1909f56bfc062723c751e8b465ee728b)  -> (artifact id: '999e751fc85249342cc759a6cfb77108') in 0.004994 seconds
  Import took 0.008693 seconds .

========================================================================
Received Import Request.
  Time since last request: 9.181539 seconds.
  path: Assets/Resources/CarDataBase/Scania.asset
  artifactKey: Guid(620bbee5cc11a664d97f2bba9e4e0a4d) Importer(815301076,1909f56bfc062723c751e8b465ee728b)
Start importing Assets/Resources/CarDataBase/Scania.asset using Guid(620bbee5cc11a664d97f2bba9e4e0a4d) Importer(815301076,1909f56bfc062723c751e8b465ee728b)  -> (artifact id: '23296f839033c6e265623e526879cdac') in 0.007494 seconds
  Import took 0.011992 seconds .

========================================================================
Received Import Request.
  Time since last request: 0.025578 seconds.
  path: Assets/Resources/CarDataBase/Scania.asset
  artifactKey: Guid(620bbee5cc11a664d97f2bba9e4e0a4d) Importer(815301076,1909f56bfc062723c751e8b465ee728b)
Start importing Assets/Resources/CarDataBase/Scania.asset using Guid(620bbee5cc11a664d97f2bba9e4e0a4d) Importer(815301076,1909f56bfc062723c751e8b465ee728b)  -> (artifact id: '23296f839033c6e265623e526879cdac') in 0.006411 seconds
  Import took 0.011289 seconds .

========================================================================
Received Prepare
Registering precompiled user dll's ...
Registered in 0.002666 seconds.
Begin MonoManager ReloadAssembly
Native extension for WindowsStandalone target not found
Native extension for WebGL target not found
Refreshing native plugins compatible for Editor in 0.29 ms, found 0 plugins.
Preloading 0 native plugins for Editor in 0.00 ms.
Invoked RoslynAnalysisRunner static constructor.
RoslynAnalysisRunner will not be running.
RoslynAnalysisRunner has terminated.
Mono: successfully reloaded assembly
- Completed reload, in  2.035 seconds
Platform modules already initialized, skipping
Switching build target platform(5) subTarget(0) extendedPlatform(0) -> platform(13) subTarget(537395200) extendedPlatform(0)
Refreshing native plugins compatible for Editor in 0.28 ms, found 0 plugins.
Preloading 0 native plugins for Editor in 0.00 ms.
Unloading 1131 Unused Serialized files (Serialized files now loaded: 0)
System memory in use before: 58.5 MB.
System memory in use after: 58.6 MB.

Unloading 5 unused Assets to reduce memory usage. Loaded Objects now: 1657.
Total: 3.026000 ms (FindLiveObjects: 0.352500 ms CreateObjectMapping: 0.106200 ms MarkObjects: 2.468100 ms  DeleteObjects: 0.097100 ms)

AssetImportParameters requested are different than current active one (requested -> active):
  custom:graphics/normal-map-encoding: 01000000000000000000000000000000 -> 02000000000000000000000000000000
========================================================================
Received Import Request.
  Time since last request: 369.066896 seconds.
  path: Assets/Resources/CarDataBase/Transit.asset
  artifactKey: Guid(d420761d77f45f44298610f3be964946) Importer(815301076,1909f56bfc062723c751e8b465ee728b)
Start importing Assets/Resources/CarDataBase/Transit.asset using Guid(d420761d77f45f44298610f3be964946) Importer(815301076,1909f56bfc062723c751e8b465ee728b)  -> (artifact id: '9dbf826113720c37549d6384f52fda5b') in 0.025767 seconds
  Import took 0.030674 seconds .

========================================================================
Received Import Request.
  Time since last request: 0.001631 seconds.
  path: Assets/Resources/CarDataBase/Bentley.asset
  artifactKey: Guid(7b6b994615f0f334f8574c2ad0328434) Importer(815301076,1909f56bfc062723c751e8b465ee728b)
Start importing Assets/Resources/CarDataBase/Bentley.asset using Guid(7b6b994615f0f334f8574c2ad0328434) Importer(815301076,1909f56bfc062723c751e8b465ee728b)  -> (artifact id: 'a2b8cd2a49a8fa634d823f3ebedb0af9') in 0.005123 seconds
  Import took 0.009126 seconds .

========================================================================
Received Import Request.
  Time since last request: 0.000431 seconds.
  path: Assets/Resources/CarDataBase/Ford.asset
  artifactKey: Guid(d39a555c6b7cb7241a4876d9b2241479) Importer(815301076,1909f56bfc062723c751e8b465ee728b)
Start importing Assets/Resources/CarDataBase/Ford.asset using Guid(d39a555c6b7cb7241a4876d9b2241479) Importer(815301076,1909f56bfc062723c751e8b465ee728b)  -> (artifact id: '6d9728b180a7980c265c397231bb85e5') in 0.005965 seconds
  Import took 0.010866 seconds .

========================================================================
Received Import Request.
  Time since last request: 0.000439 seconds.
  path: Assets/Resources/CarDataBase/Mercedes.asset
  artifactKey: Guid(c1affeb4e17aa044fa35ead73b6034d2) Importer(815301076,1909f56bfc062723c751e8b465ee728b)
Start importing Assets/Resources/CarDataBase/Mercedes.asset using Guid(c1affeb4e17aa044fa35ead73b6034d2) Importer(815301076,1909f56bfc062723c751e8b465ee728b)  -> (artifact id: 'd49bb56a944d21c8aff7ebca3fe4f333') in 0.006268 seconds
  Import took 0.011126 seconds .

========================================================================
Received Import Request.
  Time since last request: 0.000534 seconds.
  path: Assets/Resources/CarDataBase/Scania.asset
  artifactKey: Guid(620bbee5cc11a664d97f2bba9e4e0a4d) Importer(815301076,1909f56bfc062723c751e8b465ee728b)
Start importing Assets/Resources/CarDataBase/Scania.asset using Guid(620bbee5cc11a664d97f2bba9e4e0a4d) Importer(815301076,1909f56bfc062723c751e8b465ee728b)  -> (artifact id: '4c3fc6afdde9574292101dc2c24b6d0e') in 0.007351 seconds
  Import took 0.013180 seconds .

========================================================================
Received Import Request.
  Time since last request: 0.000632 seconds.
  path: Assets/Resources/CarDataBase/Mazda.asset
  artifactKey: Guid(2ac39671b59740341abd5b19583f4bd2) Importer(815301076,1909f56bfc062723c751e8b465ee728b)
Start importing Assets/Resources/CarDataBase/Mazda.asset using Guid(2ac39671b59740341abd5b19583f4bd2) Importer(815301076,1909f56bfc062723c751e8b465ee728b)  -> (artifact id: '410fd537f2788d7961041543c79361d3') in 0.007565 seconds
  Import took 0.011921 seconds .

========================================================================
Received Import Request.
  Time since last request: 0.000206 seconds.
  path: Assets/Resources/CarDataBase/Iveco.asset
  artifactKey: Guid(a61671cd16a31b64c9af85e15d592a5c) Importer(815301076,1909f56bfc062723c751e8b465ee728b)
Start importing Assets/Resources/CarDataBase/Iveco.asset using Guid(a61671cd16a31b64c9af85e15d592a5c) Importer(815301076,1909f56bfc062723c751e8b465ee728b)  -> (artifact id: '8c79f7a1c6d17b1ad585bb812b244f0d') in 0.006646 seconds
  Import took 0.013287 seconds .

========================================================================
Received Import Request.
  Time since last request: 0.000548 seconds.
  path: Assets/Resources/CarDataBase/Dodge.asset
  artifactKey: Guid(6ba38e90227910e429c1604f1b32b67d) Importer(815301076,1909f56bfc062723c751e8b465ee728b)
Start importing Assets/Resources/CarDataBase/Dodge.asset using Guid(6ba38e90227910e429c1604f1b32b67d) Importer(815301076,1909f56bfc062723c751e8b465ee728b)  -> (artifact id: 'b5957a582800408038d95233106f0ef5') in 0.007420 seconds
  Import took 0.012140 seconds .

========================================================================
Received Import Request.
  Time since last request: 561.327963 seconds.
  path: Assets/Prefabs
  artifactKey: Guid(d47786684581636498b2b3b3c322794b) Importer(815301076,1909f56bfc062723c751e8b465ee728b)
Start importing Assets/Prefabs using Guid(d47786684581636498b2b3b3c322794b) Importer(815301076,1909f56bfc062723c751e8b465ee728b)  -> (artifact id: 'd8f94580b3a94d3557a43791f778c2df') in 0.006025 seconds
  Import took 0.010653 seconds .

========================================================================
Received Import Request.
  Time since last request: 0.107994 seconds.
  path: Assets/Prefabs/Card.prefab
  artifactKey: Guid(d582c980f7e0d7b4e9bc3bc9e8179eed) Importer(815301076,1909f56bfc062723c751e8b465ee728b)
Start importing Assets/Prefabs/Card.prefab using Guid(d582c980f7e0d7b4e9bc3bc9e8179eed) Importer(815301076,1909f56bfc062723c751e8b465ee728b)  -> (artifact id: '3ffa5bdf55de8e1d1cea862fb97a620f') in 0.224410 seconds
  Import took 0.228073 seconds .

========================================================================
Received Import Request.
  Time since last request: 11.210008 seconds.
  path: Assets/Prefabs/Card.prefab
  artifactKey: Guid(d582c980f7e0d7b4e9bc3bc9e8179eed) Importer(815301076,1909f56bfc062723c751e8b465ee728b)
Start importing Assets/Prefabs/Card.prefab using Guid(d582c980f7e0d7b4e9bc3bc9e8179eed) Importer(815301076,1909f56bfc062723c751e8b465ee728b)  -> (artifact id: 'e827e98151c09d7a26a1bc02c2e35970') in 0.059494 seconds
  Import took 0.064233 seconds .

========================================================================
Received Import Request.
  Time since last request: 26.140474 seconds.
  path: Assets/Scripts/Editor.cs
  artifactKey: Guid(0ede50c95e9365e4f80ba46fd6d4b50b) Importer(815301076,1909f56bfc062723c751e8b465ee728b)
Start importing Assets/Scripts/Editor.cs using Guid(0ede50c95e9365e4f80ba46fd6d4b50b) Importer(815301076,1909f56bfc062723c751e8b465ee728b)  -> (artifact id: '64cc5e754f4f48965f803f1dc817347e') in 0.004612 seconds
  Import took 0.008365 seconds .

========================================================================
Received Import Request.
  Time since last request: 0.003177 seconds.
  path: Assets/Scripts/Editor.cs
  artifactKey: Guid(0ede50c95e9365e4f80ba46fd6d4b50b) Importer(815301076,1909f56bfc062723c751e8b465ee728b)
Start importing Assets/Scripts/Editor.cs using Guid(0ede50c95e9365e4f80ba46fd6d4b50b) Importer(815301076,1909f56bfc062723c751e8b465ee728b)  -> (artifact id: '64cc5e754f4f48965f803f1dc817347e') in 0.004606 seconds
  Import took 0.008370 seconds .

========================================================================
Received Import Request.
  Time since last request: 772.940485 seconds.
  path: Assets/Scripts/Screen/ScreenBase.cs
  artifactKey: Guid(20b9aace61cff7d40b456eae46ecd612) Importer(815301076,1909f56bfc062723c751e8b465ee728b)
Start importing Assets/Scripts/Screen/ScreenBase.cs using Guid(20b9aace61cff7d40b456eae46ecd612) Importer(815301076,1909f56bfc062723c751e8b465ee728b)  -> (artifact id: 'ff2ec723883249600ad8d102898c5a5a') in 0.011848 seconds
  Import took 0.023399 seconds .

========================================================================
Received Import Request.
  Time since last request: 2.317802 seconds.
  path: Assets/Scripts/Card.cs
  artifactKey: Guid(298ea9315e9747744b2edfecef14819d) Importer(815301076,1909f56bfc062723c751e8b465ee728b)
Start importing Assets/Scripts/Card.cs using Guid(298ea9315e9747744b2edfecef14819d) Importer(815301076,1909f56bfc062723c751e8b465ee728b)  -> (artifact id: '1c8aa1c959f56556f50266ba1f13d57a') in 0.003950 seconds
  Import took 0.007178 seconds .

========================================================================
Received Import Request.
  Time since last request: 0.007223 seconds.
  path: Assets/Scripts/Card.cs
  artifactKey: Guid(298ea9315e9747744b2edfecef14819d) Importer(815301076,1909f56bfc062723c751e8b465ee728b)
Start importing Assets/Scripts/Card.cs using Guid(298ea9315e9747744b2edfecef14819d) Importer(815301076,1909f56bfc062723c751e8b465ee728b)  -> (artifact id: '1c8aa1c959f56556f50266ba1f13d57a') in 0.004991 seconds
  Import took 0.008568 seconds .

========================================================================
Received Import Request.
  Time since last request: 3934.148770 seconds.
  path: Assets/Scripts/Card.cs
  artifactKey: Guid(298ea9315e9747744b2edfecef14819d) Importer(815301076,1909f56bfc062723c751e8b465ee728b)
Start importing Assets/Scripts/Card.cs using Guid(298ea9315e9747744b2edfecef14819d) Importer(815301076,1909f56bfc062723c751e8b465ee728b)  -> (artifact id: '2ea3ceb0025e2422416a5daab81758d5') in 0.807991 seconds
  Import took 0.832896 seconds .

========================================================================
Received Import Request.
  Time since last request: 768.424337 seconds.
  path: Assets/Scripts/Card.cs
  artifactKey: Guid(298ea9315e9747744b2edfecef14819d) Importer(815301076,1909f56bfc062723c751e8b465ee728b)
Start importing Assets/Scripts/Card.cs using Guid(298ea9315e9747744b2edfecef14819d) Importer(815301076,1909f56bfc062723c751e8b465ee728b)  -> (artifact id: '2e0b99486a4cc097ecbcfe39525283ee') in 0.199242 seconds
  Import took 0.204780 seconds .

========================================================================
Received Import Request.
  Time since last request: 6647.518652 seconds.
  path: Assets/Scripts/Card.cs
  artifactKey: Guid(298ea9315e9747744b2edfecef14819d) Importer(815301076,1909f56bfc062723c751e8b465ee728b)
Start importing Assets/Scripts/Card.cs using Guid(298ea9315e9747744b2edfecef14819d) Importer(815301076,1909f56bfc062723c751e8b465ee728b)  -> (artifact id: 'de738882de7ba8172a33658db0b288d1') in 0.014436 seconds
  Import took 0.533706 seconds .

========================================================================
Received Prepare
Registering precompiled user dll's ...
Registered in 0.003313 seconds.
Begin MonoManager ReloadAssembly
Native extension for WindowsStandalone target not found
Native extension for WebGL target not found
Refreshing native plugins compatible for Editor in 0.34 ms, found 0 plugins.
Preloading 0 native plugins for Editor in 0.00 ms.
Invoked RoslynAnalysisRunner static constructor.
RoslynAnalysisRunner will not be running.
RoslynAnalysisRunner has terminated.
Mono: successfully reloaded assembly
- Completed reload, in  2.759 seconds
Platform modules already initialized, skipping
Switching build target platform(5) subTarget(0) extendedPlatform(0) -> platform(13) subTarget(537395200) extendedPlatform(0)
Refreshing native plugins compatible for Editor in 0.30 ms, found 0 plugins.
Preloading 0 native plugins for Editor in 0.00 ms.
Unloading 1131 Unused Serialized files (Serialized files now loaded: 0)
System memory in use before: 58.5 MB.
System memory in use after: 58.6 MB.

Unloading 6 unused Assets to reduce memory usage. Loaded Objects now: 1660.
Total: 6.023000 ms (FindLiveObjects: 0.243200 ms CreateObjectMapping: 1.877300 ms MarkObjects: 3.469700 ms  DeleteObjects: 0.430400 ms)

AssetImportParameters requested are different than current active one (requested -> active):
  custom:graphics/normal-map-encoding: 01000000000000000000000000000000 -> 02000000000000000000000000000000
========================================================================
Received Import Request.
  Time since last request: 65527.911280 seconds.
  path: Assets/Prefabs/Card.prefab
  artifactKey: Guid(d582c980f7e0d7b4e9bc3bc9e8179eed) Importer(815301076,1909f56bfc062723c751e8b465ee728b)
Start importing Assets/Prefabs/Card.prefab using Guid(d582c980f7e0d7b4e9bc3bc9e8179eed) Importer(815301076,1909f56bfc062723c751e8b465ee728b)  -> (artifact id: '0a132d9fafcddf730f8ac2efa76ad80c') in 0.239806 seconds
  Import took 0.243781 seconds .

========================================================================
Received Prepare
Registering precompiled user dll's ...
Registered in 0.001408 seconds.
Begin MonoManager ReloadAssembly
Native extension for WindowsStandalone target not found
Native extension for WebGL target not found
Refreshing native plugins compatible for Editor in 0.37 ms, found 0 plugins.
Preloading 0 native plugins for Editor in 0.00 ms.
Invoked RoslynAnalysisRunner static constructor.
RoslynAnalysisRunner will not be running.
RoslynAnalysisRunner has terminated.
Mono: successfully reloaded assembly
- Completed reload, in  1.965 seconds
Platform modules already initialized, skipping
Switching build target platform(5) subTarget(0) extendedPlatform(0) -> platform(13) subTarget(537395200) extendedPlatform(0)
Refreshing native plugins compatible for Editor in 0.60 ms, found 0 plugins.
Preloading 0 native plugins for Editor in 0.00 ms.
Unloading 1131 Unused Serialized files (Serialized files now loaded: 0)
System memory in use before: 58.5 MB.
System memory in use after: 58.6 MB.

Unloading 6 unused Assets to reduce memory usage. Loaded Objects now: 1663.
Total: 15.519500 ms (FindLiveObjects: 0.684500 ms CreateObjectMapping: 0.674700 ms MarkObjects: 14.047700 ms  DeleteObjects: 0.110100 ms)

AssetImportParameters requested are different than current active one (requested -> active):
  custom:graphics/normal-map-encoding: 01000000000000000000000000000000 -> 02000000000000000000000000000000
========================================================================
Received Prepare
Registering precompiled user dll's ...
Registered in 0.001421 seconds.
Begin MonoManager ReloadAssembly
Native extension for WindowsStandalone target not found
Native extension for WebGL target not found
Refreshing native plugins compatible for Editor in 0.29 ms, found 0 plugins.
Preloading 0 native plugins for Editor in 0.00 ms.
Invoked RoslynAnalysisRunner static constructor.
RoslynAnalysisRunner will not be running.
RoslynAnalysisRunner has terminated.
Mono: successfully reloaded assembly
- Completed reload, in  2.096 seconds
Platform modules already initialized, skipping
Switching build target platform(5) subTarget(0) extendedPlatform(0) -> platform(13) subTarget(537395200) extendedPlatform(0)
Refreshing native plugins compatible for Editor in 0.30 ms, found 0 plugins.
Preloading 0 native plugins for Editor in 0.00 ms.
Unloading 1131 Unused Serialized files (Serialized files now loaded: 0)
System memory in use before: 58.5 MB.
System memory in use after: 58.6 MB.

Unloading 5 unused Assets to reduce memory usage. Loaded Objects now: 1666.
Total: 2.486000 ms (FindLiveObjects: 0.272200 ms CreateObjectMapping: 0.078600 ms MarkObjects: 2.057900 ms  DeleteObjects: 0.072700 ms)

AssetImportParameters requested are different than current active one (requested -> active):
  custom:graphics/normal-map-encoding: 01000000000000000000000000000000 -> 02000000000000000000000000000000
========================================================================
Received Prepare
Registering precompiled user dll's ...
Registered in 0.002787 seconds.
Begin MonoManager ReloadAssembly
Native extension for WindowsStandalone target not found
Native extension for WebGL target not found
Refreshing native plugins compatible for Editor in 0.45 ms, found 0 plugins.
Preloading 0 native plugins for Editor in 0.00 ms.
Invoked RoslynAnalysisRunner static constructor.
RoslynAnalysisRunner will not be running.
RoslynAnalysisRunner has terminated.
Mono: successfully reloaded assembly
- Completed reload, in  2.032 seconds
Platform modules already initialized, skipping
Switching build target platform(5) subTarget(0) extendedPlatform(0) -> platform(13) subTarget(537395200) extendedPlatform(0)
Refreshing native plugins compatible for Editor in 0.29 ms, found 0 plugins.
Preloading 0 native plugins for Editor in 0.00 ms.
Unloading 1131 Unused Serialized files (Serialized files now loaded: 0)
System memory in use before: 58.5 MB.
System memory in use after: 58.6 MB.

Unloading 5 unused Assets to reduce memory usage. Loaded Objects now: 1669.
Total: 3.560900 ms (FindLiveObjects: 0.404400 ms CreateObjectMapping: 0.150300 ms MarkObjects: 2.907100 ms  DeleteObjects: 0.096200 ms)

AssetImportParameters requested are different than current active one (requested -> active):
  custom:graphics/normal-map-encoding: 01000000000000000000000000000000 -> 02000000000000000000000000000000
========================================================================
Received Prepare
Registering precompiled user dll's ...
Registered in 0.002224 seconds.
Begin MonoManager ReloadAssembly
Native extension for WindowsStandalone target not found
Native extension for WebGL target not found
Refreshing native plugins compatible for Editor in 0.35 ms, found 0 plugins.
Preloading 0 native plugins for Editor in 0.00 ms.
Invoked RoslynAnalysisRunner static constructor.
RoslynAnalysisRunner will not be running.
RoslynAnalysisRunner has terminated.
Mono: successfully reloaded assembly
- Completed reload, in  2.457 seconds
Platform modules already initialized, skipping
Switching build target platform(5) subTarget(0) extendedPlatform(0) -> platform(13) subTarget(537395200) extendedPlatform(0)
Refreshing native plugins compatible for Editor in 0.46 ms, found 0 plugins.
Preloading 0 native plugins for Editor in 0.00 ms.
Unloading 1131 Unused Serialized files (Serialized files now loaded: 0)
System memory in use before: 58.6 MB.
System memory in use after: 58.6 MB.

Unloading 5 unused Assets to reduce memory usage. Loaded Objects now: 1672.
Total: 4.813700 ms (FindLiveObjects: 0.298900 ms CreateObjectMapping: 0.099900 ms MarkObjects: 4.313900 ms  DeleteObjects: 0.098500 ms)

AssetImportParameters requested are different than current active one (requested -> active):
  custom:graphics/normal-map-encoding: 01000000000000000000000000000000 -> 02000000000000000000000000000000
========================================================================
Received Prepare
Registering precompiled user dll's ...
Registered in 0.002683 seconds.
Begin MonoManager ReloadAssembly
Native extension for WindowsStandalone target not found
Native extension for WebGL target not found
Refreshing native plugins compatible for Editor in 0.31 ms, found 0 plugins.
Preloading 0 native plugins for Editor in 0.00 ms.
Invoked RoslynAnalysisRunner static constructor.
RoslynAnalysisRunner will not be running.
RoslynAnalysisRunner has terminated.
Mono: successfully reloaded assembly
- Completed reload, in  2.830 seconds
Platform modules already initialized, skipping
Switching build target platform(5) subTarget(0) extendedPlatform(0) -> platform(13) subTarget(537395200) extendedPlatform(0)
Refreshing native plugins compatible for Editor in 0.31 ms, found 0 plugins.
Preloading 0 native plugins for Editor in 0.00 ms.
Unloading 1131 Unused Serialized files (Serialized files now loaded: 0)
System memory in use before: 58.6 MB.
System memory in use after: 58.6 MB.

Unloading 5 unused Assets to reduce memory usage. Loaded Objects now: 1675.
Total: 3.300000 ms (FindLiveObjects: 0.195200 ms CreateObjectMapping: 0.062200 ms MarkObjects: 2.967800 ms  DeleteObjects: 0.072900 ms)

AssetImportParameters requested are different than current active one (requested -> active):
  custom:graphics/normal-map-encoding: 01000000000000000000000000000000 -> 02000000000000000000000000000000
AssetImportWorkerClient::OnTransportError - code=2 error=End of file
