Using pre-set license
Built from '2020.3/staging' branch; Version is '2020.3.3f1 (76626098c1c4) revision 7758432'; Using compiler version '192528614'; Build Type 'Release'
OS: 'Windows 10 Pro; OS build 18362.356; Version 1903; 64bit' Language: 'ru' Physical Memory: 12194 MB
BatchMode: 1, IsHumanControllingUs: 0, StartBugReporterOnCrash: 0, Is64bit: 1, IsPro: 0

 COMMAND LINE ARGUMENTS:
C:\Program Files\Unity\Hub\Editor\2020.3.3f1\Editor\Unity.exe
-adb2
-batchMode
-noUpm
-name
AssetImportWorker0
-projectPath
C:/Unity projects/CarDataBaseGit/CarDataBase
-logFile
Logs/AssetImportWorker0.log
-srvPort
51599
Successfully changed project path to: C:/Unity projects/CarDataBaseGit/CarDataBase
C:/Unity projects/CarDataBaseGit/CarDataBase
Using Asset Import Pipeline V2.
Refreshing native plugins compatible for Editor in 90.36 ms, found 0 plugins.
Preloading 0 native plugins for Editor in 0.00 ms.
Initialize engine version: 2020.3.3f1 (76626098c1c4)
[Subsystems] Discovering subsystems at path C:/Program Files/Unity/Hub/Editor/2020.3.3f1/Editor/Data/Resources/UnitySubsystems
[Subsystems] Discovering subsystems at path C:/Unity projects/CarDataBaseGit/CarDataBase/Assets
GfxDevice: creating device client; threaded=0
Direct3D:
    Version:  Direct3D 11.0 [level 11.0]
    Renderer: NVIDIA GeForce 920M (ID=0x1299)
    Vendor:   
    VRAM:     2020 MB
    Driver:   22.21.13.8264
Initialize mono
Mono path[0] = 'C:/Program Files/Unity/Hub/Editor/2020.3.3f1/Editor/Data/Managed'
Mono path[1] = 'C:/Program Files/Unity/Hub/Editor/2020.3.3f1/Editor/Data/MonoBleedingEdge/lib/mono/unityjit'
Mono config path = 'C:/Program Files/Unity/Hub/Editor/2020.3.3f1/Editor/Data/MonoBleedingEdge/etc'
Using monoOptions --debugger-agent=transport=dt_socket,embedding=1,server=y,suspend=n,address=127.0.0.1:56032
Begin MonoManager ReloadAssembly
Registering precompiled unity dll's ...
Register platform support module: C:/Program Files/Unity/Hub/Editor/2020.3.3f1/Editor/Data/PlaybackEngines/WebGLSupport/UnityEditor.WebGL.Extensions.dll
Register platform support module: C:/Program Files/Unity/Hub/Editor/2020.3.3f1/Editor/Data/PlaybackEngines/WindowsStandaloneSupport/UnityEditor.WindowsStandalone.Extensions.dll
Registered in 0.006282 seconds.
Native extension for WindowsStandalone target not found
Native extension for WebGL target not found
Refreshing native plugins compatible for Editor in 63.73 ms, found 0 plugins.
Preloading 0 native plugins for Editor in 0.00 ms.
Invoked RoslynAnalysisRunner static constructor.
RoslynAnalysisRunner will not be running.
RoslynAnalysisRunner has terminated.
Mono: successfully reloaded assembly
- Completed reload, in  5.813 seconds
Platform modules already initialized, skipping
Registering precompiled user dll's ...
Registered in 0.001507 seconds.
Begin MonoManager ReloadAssembly
Native extension for WindowsStandalone target not found
Native extension for WebGL target not found
Refreshing native plugins compatible for Editor in 0.38 ms, found 0 plugins.
Preloading 0 native plugins for Editor in 0.00 ms.
Invoked RoslynAnalysisRunner static constructor.
RoslynAnalysisRunner will not be running.
RoslynAnalysisRunner has terminated.
Mono: successfully reloaded assembly
- Completed reload, in  1.794 seconds
Platform modules already initialized, skipping
========================================================================
Worker process is ready to serve import requests
Launched and connected shader compiler UnityShaderCompiler.exe after 0.31 seconds
Refreshing native plugins compatible for Editor in 0.43 ms, found 0 plugins.
Preloading 0 native plugins for Editor in 0.00 ms.
Unloading 1146 Unused Serialized files (Serialized files now loaded: 0)
System memory in use before: 59.7 MB.
System memory in use after: 59.8 MB.

Unloading 10 unused Assets to reduce memory usage. Loaded Objects now: 1588.
Total: 2.458900 ms (FindLiveObjects: 0.183100 ms CreateObjectMapping: 0.057100 ms MarkObjects: 2.069900 ms  DeleteObjects: 0.146500 ms)

========================================================================
Received Import Request.
  path: Assets/Icons/mercedes.jpg
  artifactKey: Guid(8474f97bef2dc5040924cb6aaeac7b2e) Importer(815301076,1909f56bfc062723c751e8b465ee728b)
Start importing Assets/Icons/mercedes.jpg using Guid(8474f97bef2dc5040924cb6aaeac7b2e) Importer(815301076,1909f56bfc062723c751e8b465ee728b)  -> (artifact id: 'fb067222ae7af5d8f8c8523536c2c43a') in 0.240729 seconds
  Import took 0.244789 seconds .

========================================================================
Received Import Request.
  Time since last request: 0.000522 seconds.
  path: Assets/Icons/transit.jpg
  artifactKey: Guid(4df0cd7a1b76fc741b1df99646f52b9c) Importer(815301076,1909f56bfc062723c751e8b465ee728b)
Start importing Assets/Icons/transit.jpg using Guid(4df0cd7a1b76fc741b1df99646f52b9c) Importer(815301076,1909f56bfc062723c751e8b465ee728b)  -> (artifact id: 'cc82775621dfb9f28e06c2d13842a86a') in 0.037347 seconds
  Import took 0.044688 seconds .

========================================================================
Received Import Request.
  Time since last request: 0.000505 seconds.
  path: Assets/Icons/bentley.png
  artifactKey: Guid(5f58cf79e21dbe2468e96e256f7ff8b4) Importer(815301076,1909f56bfc062723c751e8b465ee728b)
Start importing Assets/Icons/bentley.png using Guid(5f58cf79e21dbe2468e96e256f7ff8b4) Importer(815301076,1909f56bfc062723c751e8b465ee728b)  -> (artifact id: '267b307c712e545e83fe7a18ff9fcfe4') in 0.075221 seconds
  Import took 0.079393 seconds .

========================================================================
Received Import Request.
  Time since last request: 0.000490 seconds.
  path: Assets/Icons/scania.jpg
  artifactKey: Guid(a9d5933f5acd7b647bf8af1b8fb15daa) Importer(815301076,1909f56bfc062723c751e8b465ee728b)
Start importing Assets/Icons/scania.jpg using Guid(a9d5933f5acd7b647bf8af1b8fb15daa) Importer(815301076,1909f56bfc062723c751e8b465ee728b)  -> (artifact id: 'e5900002ff30622ec9121d049d7a68a4') in 0.031352 seconds
  Import took 0.037029 seconds .

========================================================================
Received Import Request.
  Time since last request: 0.000525 seconds.
  path: Assets/Icons/background.jpg
  artifactKey: Guid(00146ec0b78b3984e8eb52ec009fe615) Importer(815301076,1909f56bfc062723c751e8b465ee728b)
Start importing Assets/Icons/background.jpg using Guid(00146ec0b78b3984e8eb52ec009fe615) Importer(815301076,1909f56bfc062723c751e8b465ee728b)  -> (artifact id: 'ebbf5951985a1b6b166a3f3e2925be7b') in 0.049619 seconds
  Import took 0.054063 seconds .

========================================================================
Received Import Request.
  Time since last request: 0.000492 seconds.
  path: Assets/Icons/dodge.png
  artifactKey: Guid(bef43798fa8f06749b0f628d6e7cd170) Importer(815301076,1909f56bfc062723c751e8b465ee728b)
Start importing Assets/Icons/dodge.png using Guid(bef43798fa8f06749b0f628d6e7cd170) Importer(815301076,1909f56bfc062723c751e8b465ee728b)  -> (artifact id: 'c2c266d9cad0bf28d9d681c22d3fbf25') in 0.079435 seconds
  Import took 0.089021 seconds .

========================================================================
Received Import Request.
  Time since last request: 0.000605 seconds.
  path: Assets/Icons/lotus.png
  artifactKey: Guid(d735e6f97c5233b46add911efaa8c49f) Importer(815301076,1909f56bfc062723c751e8b465ee728b)
Start importing Assets/Icons/lotus.png using Guid(d735e6f97c5233b46add911efaa8c49f) Importer(815301076,1909f56bfc062723c751e8b465ee728b)  -> (artifact id: '5d1920a2e32be6135ac2e18d12ea42ec') in 0.059116 seconds
  Import took 0.065676 seconds .

========================================================================
Received Import Request.
  Time since last request: 0.002568 seconds.
  path: Assets/Icons/ferrary.png
  artifactKey: Guid(2df3eef49fc8e8a489861c2325a3d738) Importer(815301076,1909f56bfc062723c751e8b465ee728b)
Start importing Assets/Icons/ferrary.png using Guid(2df3eef49fc8e8a489861c2325a3d738) Importer(815301076,1909f56bfc062723c751e8b465ee728b)  -> (artifact id: '85b849612d6f0f159d4bd2ba49615b31') in 0.064546 seconds
  Import took 0.072146 seconds .

========================================================================
Received Import Request.
  Time since last request: 0.000582 seconds.
  path: Assets/Icons/iveco.png
  artifactKey: Guid(00f51b8b0da174641a70111ea2d6f941) Importer(815301076,1909f56bfc062723c751e8b465ee728b)
Start importing Assets/Icons/iveco.png using Guid(00f51b8b0da174641a70111ea2d6f941) Importer(815301076,1909f56bfc062723c751e8b465ee728b)  -> (artifact id: '0b79624b005e8b00f62eca6f8f03aa18') in 0.096283 seconds
  Import took 0.101302 seconds .

========================================================================
Received Import Request.
  Time since last request: 0.000505 seconds.
  path: Assets/Icons/mazda.png
  artifactKey: Guid(7554115573557c9478396c5f8a04748d) Importer(815301076,1909f56bfc062723c751e8b465ee728b)
Start importing Assets/Icons/mazda.png using Guid(7554115573557c9478396c5f8a04748d) Importer(815301076,1909f56bfc062723c751e8b465ee728b)  -> (artifact id: 'c31611282955a2cb8ce3421f0a2cde95') in 0.071307 seconds
  Import took 0.081349 seconds .

========================================================================
Received Import Request.
  Time since last request: 0.000190 seconds.
  path: Assets/Icons/ford.png
  artifactKey: Guid(f492c844d3ab9c4429f5c91a7f70d03f) Importer(815301076,1909f56bfc062723c751e8b465ee728b)
Start importing Assets/Icons/ford.png using Guid(f492c844d3ab9c4429f5c91a7f70d03f) Importer(815301076,1909f56bfc062723c751e8b465ee728b)  -> (artifact id: '3a72047f10bffc46bd8f747f11ccd33e') in 0.094591 seconds
  Import took 0.102006 seconds .

========================================================================
Received Import Request.
  Time since last request: 0.000495 seconds.
  path: Assets/Icons/pontiac.png
  artifactKey: Guid(c5936752dbf06cd409ebe2a3b09b4368) Importer(815301076,1909f56bfc062723c751e8b465ee728b)
Start importing Assets/Icons/pontiac.png using Guid(c5936752dbf06cd409ebe2a3b09b4368) Importer(815301076,1909f56bfc062723c751e8b465ee728b)  -> (artifact id: 'e6a15621ce8c27f603bd2c3e9154a50c') in 0.098653 seconds
  Import took 0.104998 seconds .

========================================================================
Received Import Request.
  Time since last request: 110.332636 seconds.
  path: Assets/Resources/CarDataBase/Transit.asset
  artifactKey: Guid(d420761d77f45f44298610f3be964946) Importer(815301076,1909f56bfc062723c751e8b465ee728b)
Start importing Assets/Resources/CarDataBase/Transit.asset using Guid(d420761d77f45f44298610f3be964946) Importer(815301076,1909f56bfc062723c751e8b465ee728b)  -> (artifact id: '5fab85b8ebb30114ddb91c276380d02c') in 0.023096 seconds
  Import took 0.029104 seconds .

========================================================================
Received Import Request.
  Time since last request: 92.155274 seconds.
  path: Assets/Resources/CarDataBase/Bentley.asset
  artifactKey: Guid(7b6b994615f0f334f8574c2ad0328434) Importer(815301076,1909f56bfc062723c751e8b465ee728b)
Start importing Assets/Resources/CarDataBase/Bentley.asset using Guid(7b6b994615f0f334f8574c2ad0328434) Importer(815301076,1909f56bfc062723c751e8b465ee728b)  -> (artifact id: '4abb291158aabbb2daa35d4469c0cdbc') in 0.006751 seconds
  Import took 0.010481 seconds .

========================================================================
Received Import Request.
  Time since last request: 0.000410 seconds.
  path: Assets/Resources/CarDataBase/Ford.asset
  artifactKey: Guid(d39a555c6b7cb7241a4876d9b2241479) Importer(815301076,1909f56bfc062723c751e8b465ee728b)
Start importing Assets/Resources/CarDataBase/Ford.asset using Guid(d39a555c6b7cb7241a4876d9b2241479) Importer(815301076,1909f56bfc062723c751e8b465ee728b)  -> (artifact id: '59f2a85f6f67a905afb8d01814690199') in 0.007247 seconds
  Import took 0.011214 seconds .

========================================================================
Received Import Request.
  Time since last request: 0.000482 seconds.
  path: Assets/Resources/CarDataBase/Mercedes.asset
  artifactKey: Guid(c1affeb4e17aa044fa35ead73b6034d2) Importer(815301076,1909f56bfc062723c751e8b465ee728b)
Start importing Assets/Resources/CarDataBase/Mercedes.asset using Guid(c1affeb4e17aa044fa35ead73b6034d2) Importer(815301076,1909f56bfc062723c751e8b465ee728b)  -> (artifact id: '619ac20a28fb3db08a4a015218e462d3') in 0.018752 seconds
  Import took 0.024178 seconds .

========================================================================
Received Import Request.
  Time since last request: 0.000575 seconds.
  path: Assets/Resources/CarDataBase/Scania.asset
  artifactKey: Guid(620bbee5cc11a664d97f2bba9e4e0a4d) Importer(815301076,1909f56bfc062723c751e8b465ee728b)
Start importing Assets/Resources/CarDataBase/Scania.asset using Guid(620bbee5cc11a664d97f2bba9e4e0a4d) Importer(815301076,1909f56bfc062723c751e8b465ee728b)  -> (artifact id: 'acf59eafea36100d1e6fc3de429fdb7b') in 0.011250 seconds
  Import took 0.016283 seconds .

========================================================================
Received Import Request.
  Time since last request: 0.000555 seconds.
  path: Assets/Resources/CarDataBase/Mazda.asset
  artifactKey: Guid(2ac39671b59740341abd5b19583f4bd2) Importer(815301076,1909f56bfc062723c751e8b465ee728b)
Start importing Assets/Resources/CarDataBase/Mazda.asset using Guid(2ac39671b59740341abd5b19583f4bd2) Importer(815301076,1909f56bfc062723c751e8b465ee728b)  -> (artifact id: '42fcc24f82afbc5e9ebb76ed8e4d0487') in 0.010165 seconds
  Import took 0.016511 seconds .

========================================================================
Received Import Request.
  Time since last request: 0.000438 seconds.
  path: Assets/Resources/CarDataBase/Iveco.asset
  artifactKey: Guid(a61671cd16a31b64c9af85e15d592a5c) Importer(815301076,1909f56bfc062723c751e8b465ee728b)
Start importing Assets/Resources/CarDataBase/Iveco.asset using Guid(a61671cd16a31b64c9af85e15d592a5c) Importer(815301076,1909f56bfc062723c751e8b465ee728b)  -> (artifact id: '03bceb8fb0883ad7a8d774d34303151f') in 0.008153 seconds
  Import took 0.012928 seconds .

========================================================================
Received Import Request.
  Time since last request: 0.000606 seconds.
  path: Assets/Resources/CarDataBase/Dodge.asset
  artifactKey: Guid(6ba38e90227910e429c1604f1b32b67d) Importer(815301076,1909f56bfc062723c751e8b465ee728b)
Start importing Assets/Resources/CarDataBase/Dodge.asset using Guid(6ba38e90227910e429c1604f1b32b67d) Importer(815301076,1909f56bfc062723c751e8b465ee728b)  -> (artifact id: 'c04ea5cd516a3adf152d3063de1873ce') in 0.005658 seconds
  Import took 0.008907 seconds .

========================================================================
Received Prepare
Registering precompiled user dll's ...
Registered in 0.001491 seconds.
Begin MonoManager ReloadAssembly
Native extension for WindowsStandalone target not found
Native extension for WebGL target not found
Refreshing native plugins compatible for Editor in 0.29 ms, found 0 plugins.
Preloading 0 native plugins for Editor in 0.00 ms.
Invoked RoslynAnalysisRunner static constructor.
RoslynAnalysisRunner will not be running.
RoslynAnalysisRunner has terminated.
Mono: successfully reloaded assembly
- Completed reload, in  1.810 seconds
Platform modules already initialized, skipping
Switching build target platform(5) subTarget(0) extendedPlatform(0) -> platform(13) subTarget(537395200) extendedPlatform(0)
Refreshing native plugins compatible for Editor in 0.28 ms, found 0 plugins.
Preloading 0 native plugins for Editor in 0.00 ms.
Unloading 1131 Unused Serialized files (Serialized files now loaded: 0)
System memory in use before: 61.3 MB.
System memory in use after: 61.4 MB.

Unloading 5 unused Assets to reduce memory usage. Loaded Objects now: 1615.
Total: 2.883200 ms (FindLiveObjects: 0.511200 ms CreateObjectMapping: 0.137700 ms MarkObjects: 2.145700 ms  DeleteObjects: 0.086600 ms)

AssetImportParameters requested are different than current active one (requested -> active):
  custom:graphics/normal-map-encoding: 01000000000000000000000000000000 -> 02000000000000000000000000000000
========================================================================
Received Import Request.
  Time since last request: 513.986604 seconds.
  path: Assets/Prefabs/Card.prefab
  artifactKey: Guid(d582c980f7e0d7b4e9bc3bc9e8179eed) Importer(815301076,1909f56bfc062723c751e8b465ee728b)
Start importing Assets/Prefabs/Card.prefab using Guid(d582c980f7e0d7b4e9bc3bc9e8179eed) Importer(815301076,1909f56bfc062723c751e8b465ee728b)  -> (artifact id: '0168541bfbb30778e6cd98385d2dd854') in 0.157132 seconds
  Import took 0.160475 seconds .

========================================================================
Received Prepare
Registering precompiled user dll's ...
Registered in 0.001393 seconds.
Begin MonoManager ReloadAssembly
Native extension for WindowsStandalone target not found
Native extension for WebGL target not found
Refreshing native plugins compatible for Editor in 0.37 ms, found 0 plugins.
Preloading 0 native plugins for Editor in 0.00 ms.
Invoked RoslynAnalysisRunner static constructor.
RoslynAnalysisRunner will not be running.
RoslynAnalysisRunner has terminated.
Mono: successfully reloaded assembly
- Completed reload, in  1.764 seconds
Platform modules already initialized, skipping
Switching build target platform(5) subTarget(0) extendedPlatform(0) -> platform(13) subTarget(537395200) extendedPlatform(0)
Refreshing native plugins compatible for Editor in 0.28 ms, found 0 plugins.
Preloading 0 native plugins for Editor in 0.00 ms.
Unloading 1131 Unused Serialized files (Serialized files now loaded: 0)
System memory in use before: 61.4 MB.
System memory in use after: 61.5 MB.

Unloading 6 unused Assets to reduce memory usage. Loaded Objects now: 1618.
Total: 2.591000 ms (FindLiveObjects: 0.194100 ms CreateObjectMapping: 0.059700 ms MarkObjects: 2.250100 ms  DeleteObjects: 0.084900 ms)

AssetImportParameters requested are different than current active one (requested -> active):
  custom:graphics/normal-map-encoding: 01000000000000000000000000000000 -> 02000000000000000000000000000000
========================================================================
Received Prepare
Registering precompiled user dll's ...
Registered in 0.001665 seconds.
Begin MonoManager ReloadAssembly
Native extension for WindowsStandalone target not found
Native extension for WebGL target not found
Refreshing native plugins compatible for Editor in 0.30 ms, found 0 plugins.
Preloading 0 native plugins for Editor in 0.00 ms.
Invoked RoslynAnalysisRunner static constructor.
RoslynAnalysisRunner will not be running.
RoslynAnalysisRunner has terminated.
Mono: successfully reloaded assembly
- Completed reload, in  2.246 seconds
Platform modules already initialized, skipping
Switching build target platform(5) subTarget(0) extendedPlatform(0) -> platform(13) subTarget(537395200) extendedPlatform(0)
Refreshing native plugins compatible for Editor in 0.29 ms, found 0 plugins.
Preloading 0 native plugins for Editor in 0.00 ms.
Unloading 1131 Unused Serialized files (Serialized files now loaded: 0)
System memory in use before: 61.4 MB.
System memory in use after: 61.5 MB.

Unloading 5 unused Assets to reduce memory usage. Loaded Objects now: 1621.
Total: 2.456200 ms (FindLiveObjects: 0.271500 ms CreateObjectMapping: 0.081000 ms MarkObjects: 2.026900 ms  DeleteObjects: 0.075200 ms)

AssetImportParameters requested are different than current active one (requested -> active):
  custom:graphics/normal-map-encoding: 01000000000000000000000000000000 -> 02000000000000000000000000000000
========================================================================
Received Import Request.
  Time since last request: 1346.640376 seconds.
  path: Assets/Scripts/DataSO
  artifactKey: Guid(26326c1060a52204db02b555f25374aa) Importer(815301076,1909f56bfc062723c751e8b465ee728b)
Start importing Assets/Scripts/DataSO using Guid(26326c1060a52204db02b555f25374aa) Importer(815301076,1909f56bfc062723c751e8b465ee728b)  -> (artifact id: '7aefcb40e7b56ff08061b74ef24be0df') in 0.009960 seconds
  Import took 0.014234 seconds .

========================================================================
Received Import Request.
  Time since last request: 2.303195 seconds.
  path: Assets/Scripts/DataSO/CarData.cs
  artifactKey: Guid(d002139d336df8a49a8809d00a19ec97) Importer(815301076,1909f56bfc062723c751e8b465ee728b)
Start importing Assets/Scripts/DataSO/CarData.cs using Guid(d002139d336df8a49a8809d00a19ec97) Importer(815301076,1909f56bfc062723c751e8b465ee728b)  -> (artifact id: '5d2a9bb1918763e54f9399d67badb455') in 0.019229 seconds
  Import took 0.025471 seconds .

========================================================================
Received Prepare
Registering precompiled user dll's ...
Registered in 0.001364 seconds.
Begin MonoManager ReloadAssembly
Native extension for WindowsStandalone target not found
Native extension for WebGL target not found
Refreshing native plugins compatible for Editor in 0.45 ms, found 0 plugins.
Preloading 0 native plugins for Editor in 0.00 ms.
Invoked RoslynAnalysisRunner static constructor.
RoslynAnalysisRunner will not be running.
RoslynAnalysisRunner has terminated.
Mono: successfully reloaded assembly
- Completed reload, in  2.046 seconds
Platform modules already initialized, skipping
Switching build target platform(5) subTarget(0) extendedPlatform(0) -> platform(13) subTarget(537395200) extendedPlatform(0)
Refreshing native plugins compatible for Editor in 0.28 ms, found 0 plugins.
Preloading 0 native plugins for Editor in 0.00 ms.
Unloading 1130 Unused Serialized files (Serialized files now loaded: 0)
System memory in use before: 61.4 MB.
System memory in use after: 61.5 MB.

Unloading 6 unused Assets to reduce memory usage. Loaded Objects now: 1623.
Total: 2.946400 ms (FindLiveObjects: 0.362000 ms CreateObjectMapping: 0.111700 ms MarkObjects: 2.394500 ms  DeleteObjects: 0.075600 ms)

AssetImportParameters requested are different than current active one (requested -> active):
  custom:graphics/normal-map-encoding: 01000000000000000000000000000000 -> 02000000000000000000000000000000
========================================================================
Received Import Request.
  Time since last request: 20.381643 seconds.
  path: Assets/Scripts/IScreen.cs
  artifactKey: Guid(f4fc9162494bc0549b1a32b1e436a0cc) Importer(815301076,1909f56bfc062723c751e8b465ee728b)
Start importing Assets/Scripts/IScreen.cs using Guid(f4fc9162494bc0549b1a32b1e436a0cc) Importer(815301076,1909f56bfc062723c751e8b465ee728b)  -> (artifact id: '40e3f12d1062f217d7fab92ec63828dc') in 0.006236 seconds
  Import took 0.009357 seconds .

========================================================================
Received Prepare
Registering precompiled user dll's ...
Registered in 0.001894 seconds.
Begin MonoManager ReloadAssembly
Native extension for WindowsStandalone target not found
Native extension for WebGL target not found
Refreshing native plugins compatible for Editor in 0.90 ms, found 0 plugins.
Preloading 0 native plugins for Editor in 0.00 ms.
Invoked RoslynAnalysisRunner static constructor.
RoslynAnalysisRunner will not be running.
RoslynAnalysisRunner has terminated.
Mono: successfully reloaded assembly
- Completed reload, in  2.170 seconds
Platform modules already initialized, skipping
Switching build target platform(5) subTarget(0) extendedPlatform(0) -> platform(13) subTarget(537395200) extendedPlatform(0)
Refreshing native plugins compatible for Editor in 0.28 ms, found 0 plugins.
Preloading 0 native plugins for Editor in 0.00 ms.
Unloading 1129 Unused Serialized files (Serialized files now loaded: 0)
System memory in use before: 61.4 MB.
System memory in use after: 61.4 MB.

Unloading 6 unused Assets to reduce memory usage. Loaded Objects now: 1625.
Total: 2.905100 ms (FindLiveObjects: 0.308300 ms CreateObjectMapping: 0.066200 ms MarkObjects: 2.452400 ms  DeleteObjects: 0.075300 ms)

AssetImportParameters requested are different than current active one (requested -> active):
  custom:graphics/normal-map-encoding: 01000000000000000000000000000000 -> 02000000000000000000000000000000
========================================================================
Received Prepare
Registering precompiled user dll's ...
Registered in 0.001363 seconds.
Begin MonoManager ReloadAssembly
Native extension for WindowsStandalone target not found
Native extension for WebGL target not found
Refreshing native plugins compatible for Editor in 0.44 ms, found 0 plugins.
Preloading 0 native plugins for Editor in 0.00 ms.
Invoked RoslynAnalysisRunner static constructor.
RoslynAnalysisRunner will not be running.
RoslynAnalysisRunner has terminated.
Mono: successfully reloaded assembly
- Completed reload, in  1.794 seconds
Platform modules already initialized, skipping
Switching build target platform(5) subTarget(0) extendedPlatform(0) -> platform(13) subTarget(537395200) extendedPlatform(0)
Refreshing native plugins compatible for Editor in 0.28 ms, found 0 plugins.
Preloading 0 native plugins for Editor in 0.00 ms.
Unloading 1129 Unused Serialized files (Serialized files now loaded: 0)
System memory in use before: 61.4 MB.
System memory in use after: 61.4 MB.

Unloading 5 unused Assets to reduce memory usage. Loaded Objects now: 1628.
Total: 2.755000 ms (FindLiveObjects: 0.291500 ms CreateObjectMapping: 0.097300 ms MarkObjects: 2.265400 ms  DeleteObjects: 0.098600 ms)

AssetImportParameters requested are different than current active one (requested -> active):
  custom:graphics/normal-map-encoding: 01000000000000000000000000000000 -> 02000000000000000000000000000000
========================================================================
Received Import Request.
  Time since last request: 96.647729 seconds.
  path: Assets/Prefabs/Card.prefab
  artifactKey: Guid(d582c980f7e0d7b4e9bc3bc9e8179eed) Importer(815301076,1909f56bfc062723c751e8b465ee728b)
Start importing Assets/Prefabs/Card.prefab using Guid(d582c980f7e0d7b4e9bc3bc9e8179eed) Importer(815301076,1909f56bfc062723c751e8b465ee728b)  -> (artifact id: 'e1e4cf6d9b24165bf5fadb83475ba080') in 0.327217 seconds
  Import took 0.333454 seconds .

========================================================================
Received Import Request.
  Time since last request: 7.706171 seconds.
  path: Assets/Prefabs/Card.prefab
  artifactKey: Guid(d582c980f7e0d7b4e9bc3bc9e8179eed) Importer(815301076,1909f56bfc062723c751e8b465ee728b)
Start importing Assets/Prefabs/Card.prefab using Guid(d582c980f7e0d7b4e9bc3bc9e8179eed) Importer(815301076,1909f56bfc062723c751e8b465ee728b)  -> (artifact id: '15dea01db917062a44e5536acf8f7cd9') in 0.067526 seconds
  Import took 0.078131 seconds .

========================================================================
Received Import Request.
  Time since last request: 4.883825 seconds.
  path: Assets/Prefabs/Card.prefab
  artifactKey: Guid(d582c980f7e0d7b4e9bc3bc9e8179eed) Importer(815301076,1909f56bfc062723c751e8b465ee728b)
Start importing Assets/Prefabs/Card.prefab using Guid(d582c980f7e0d7b4e9bc3bc9e8179eed) Importer(815301076,1909f56bfc062723c751e8b465ee728b)  -> (artifact id: '99168fd0fe0f6f0eafd441b54f7286e7') in 0.085720 seconds
  Import took 0.092347 seconds .

========================================================================
Received Import Request.
  Time since last request: 11.599560 seconds.
  path: Assets/Prefabs/Card.prefab
  artifactKey: Guid(d582c980f7e0d7b4e9bc3bc9e8179eed) Importer(815301076,1909f56bfc062723c751e8b465ee728b)
Start importing Assets/Prefabs/Card.prefab using Guid(d582c980f7e0d7b4e9bc3bc9e8179eed) Importer(815301076,1909f56bfc062723c751e8b465ee728b)  -> (artifact id: '2563a691646021053fb518d98d504a33') in 0.155455 seconds
  Import took 0.169063 seconds .

========================================================================
Received Import Request.
  Time since last request: 9.040260 seconds.
  path: Assets/Prefabs/Card.prefab
  artifactKey: Guid(d582c980f7e0d7b4e9bc3bc9e8179eed) Importer(815301076,1909f56bfc062723c751e8b465ee728b)
Start importing Assets/Prefabs/Card.prefab using Guid(d582c980f7e0d7b4e9bc3bc9e8179eed) Importer(815301076,1909f56bfc062723c751e8b465ee728b)  -> (artifact id: '5613d77780945835c29185d489af5d85') in 0.066695 seconds
  Import took 0.072044 seconds .

========================================================================
Received Prepare
Registering precompiled user dll's ...
Registered in 0.002371 seconds.
Begin MonoManager ReloadAssembly
Native extension for WindowsStandalone target not found
Native extension for WebGL target not found
Refreshing native plugins compatible for Editor in 0.31 ms, found 0 plugins.
Preloading 0 native plugins for Editor in 0.00 ms.
Invoked RoslynAnalysisRunner static constructor.
RoslynAnalysisRunner will not be running.
RoslynAnalysisRunner has terminated.
Mono: successfully reloaded assembly
- Completed reload, in  2.424 seconds
Platform modules already initialized, skipping
Switching build target platform(5) subTarget(0) extendedPlatform(0) -> platform(13) subTarget(537395200) extendedPlatform(0)
Refreshing native plugins compatible for Editor in 0.45 ms, found 0 plugins.
Preloading 0 native plugins for Editor in 0.00 ms.
Unloading 1129 Unused Serialized files (Serialized files now loaded: 0)
System memory in use before: 61.4 MB.
System memory in use after: 61.5 MB.

Unloading 6 unused Assets to reduce memory usage. Loaded Objects now: 1631.
Total: 6.231200 ms (FindLiveObjects: 0.263800 ms CreateObjectMapping: 0.080000 ms MarkObjects: 5.780800 ms  DeleteObjects: 0.104300 ms)

AssetImportParameters requested are different than current active one (requested -> active):
  custom:graphics/normal-map-encoding: 01000000000000000000000000000000 -> 02000000000000000000000000000000
========================================================================
Received Import Request.
  Time since last request: 323.533196 seconds.
  path: Assets/Scripts/Car/CarBase.cs
  artifactKey: Guid(f84203357ad209f4e9b2a7d774bbe484) Importer(815301076,1909f56bfc062723c751e8b465ee728b)
Start importing Assets/Scripts/Car/CarBase.cs using Guid(f84203357ad209f4e9b2a7d774bbe484) Importer(815301076,1909f56bfc062723c751e8b465ee728b)  -> (artifact id: '4f35be5e0e69f7cec980a7ea03289d35') in 0.007484 seconds
  Import took 0.011671 seconds .

========================================================================
Received Import Request.
  Time since last request: 0.005517 seconds.
  path: Assets/Scripts/Car/CarBase.cs
  artifactKey: Guid(f84203357ad209f4e9b2a7d774bbe484) Importer(815301076,1909f56bfc062723c751e8b465ee728b)
Start importing Assets/Scripts/Car/CarBase.cs using Guid(f84203357ad209f4e9b2a7d774bbe484) Importer(815301076,1909f56bfc062723c751e8b465ee728b)  -> (artifact id: '4f35be5e0e69f7cec980a7ea03289d35') in 0.004683 seconds
  Import took 0.009291 seconds .

========================================================================
Received Prepare
Registering precompiled user dll's ...
Registered in 0.002218 seconds.
Begin MonoManager ReloadAssembly
Native extension for WindowsStandalone target not found
Native extension for WebGL target not found
Refreshing native plugins compatible for Editor in 0.35 ms, found 0 plugins.
Preloading 0 native plugins for Editor in 0.00 ms.
Invoked RoslynAnalysisRunner static constructor.
RoslynAnalysisRunner will not be running.
RoslynAnalysisRunner has terminated.
Mono: successfully reloaded assembly
- Completed reload, in  2.274 seconds
Platform modules already initialized, skipping
Switching build target platform(5) subTarget(0) extendedPlatform(0) -> platform(13) subTarget(537395200) extendedPlatform(0)
Refreshing native plugins compatible for Editor in 0.28 ms, found 0 plugins.
Preloading 0 native plugins for Editor in 0.00 ms.
Unloading 1129 Unused Serialized files (Serialized files now loaded: 0)
System memory in use before: 61.4 MB.
System memory in use after: 61.5 MB.

Unloading 5 unused Assets to reduce memory usage. Loaded Objects now: 1634.
Total: 2.678000 ms (FindLiveObjects: 0.299900 ms CreateObjectMapping: 0.056400 ms MarkObjects: 2.240800 ms  DeleteObjects: 0.077800 ms)

AssetImportParameters requested are different than current active one (requested -> active):
  custom:graphics/normal-map-encoding: 01000000000000000000000000000000 -> 02000000000000000000000000000000
========================================================================
Received Import Request.
  Time since last request: 275.296127 seconds.
  path: Assets/Scripts/Car/CarBase.cs
  artifactKey: Guid(f84203357ad209f4e9b2a7d774bbe484) Importer(815301076,1909f56bfc062723c751e8b465ee728b)
Start importing Assets/Scripts/Car/CarBase.cs using Guid(f84203357ad209f4e9b2a7d774bbe484) Importer(815301076,1909f56bfc062723c751e8b465ee728b)  -> (artifact id: 'f84b4a215207e1a8c98c0f21e590e7a8') in 0.022228 seconds
  Import took 0.471607 seconds .

========================================================================
Received Prepare
Registering precompiled user dll's ...
Registered in 0.001509 seconds.
Begin MonoManager ReloadAssembly
Native extension for WindowsStandalone target not found
Native extension for WebGL target not found
Refreshing native plugins compatible for Editor in 0.29 ms, found 0 plugins.
Preloading 0 native plugins for Editor in 0.00 ms.
Invoked RoslynAnalysisRunner static constructor.
RoslynAnalysisRunner will not be running.
RoslynAnalysisRunner has terminated.
Mono: successfully reloaded assembly
- Completed reload, in  1.885 seconds
Platform modules already initialized, skipping
Switching build target platform(5) subTarget(0) extendedPlatform(0) -> platform(13) subTarget(537395200) extendedPlatform(0)
Refreshing native plugins compatible for Editor in 0.28 ms, found 0 plugins.
Preloading 0 native plugins for Editor in 0.00 ms.
Unloading 1129 Unused Serialized files (Serialized files now loaded: 0)
System memory in use before: 61.4 MB.
System memory in use after: 61.5 MB.

Unloading 5 unused Assets to reduce memory usage. Loaded Objects now: 1637.
Total: 2.628800 ms (FindLiveObjects: 0.218800 ms CreateObjectMapping: 0.066500 ms MarkObjects: 2.261000 ms  DeleteObjects: 0.080400 ms)

AssetImportParameters requested are different than current active one (requested -> active):
  custom:graphics/normal-map-encoding: 01000000000000000000000000000000 -> 02000000000000000000000000000000
========================================================================
Received Import Request.
  Time since last request: 165.815602 seconds.
  path: Assets/Scripts/Car/CarBase.cs
  artifactKey: Guid(f84203357ad209f4e9b2a7d774bbe484) Importer(815301076,1909f56bfc062723c751e8b465ee728b)
Start importing Assets/Scripts/Car/CarBase.cs using Guid(f84203357ad209f4e9b2a7d774bbe484) Importer(815301076,1909f56bfc062723c751e8b465ee728b)  -> (artifact id: '75bd41ba29efb93a5a094a93b2208714') in 0.167392 seconds
  Import took 0.292726 seconds .

========================================================================
Received Import Request.
  Time since last request: 36.749868 seconds.
  path: Assets/Scripts/Car/CarBase.cs
  artifactKey: Guid(f84203357ad209f4e9b2a7d774bbe484) Importer(815301076,1909f56bfc062723c751e8b465ee728b)
Start importing Assets/Scripts/Car/CarBase.cs using Guid(f84203357ad209f4e9b2a7d774bbe484) Importer(815301076,1909f56bfc062723c751e8b465ee728b)  -> (artifact id: '593271c32e402a8c3fb07c46f2e53100') in 0.010967 seconds
  Import took 0.016373 seconds .

========================================================================
Received Prepare
Registering precompiled user dll's ...
Registered in 0.001342 seconds.
Begin MonoManager ReloadAssembly
Native extension for WindowsStandalone target not found
Native extension for WebGL target not found
Refreshing native plugins compatible for Editor in 0.64 ms, found 0 plugins.
Preloading 0 native plugins for Editor in 0.00 ms.
Invoked RoslynAnalysisRunner static constructor.
RoslynAnalysisRunner will not be running.
RoslynAnalysisRunner has terminated.
Mono: successfully reloaded assembly
- Completed reload, in  1.984 seconds
Platform modules already initialized, skipping
Switching build target platform(5) subTarget(0) extendedPlatform(0) -> platform(13) subTarget(537395200) extendedPlatform(0)
Refreshing native plugins compatible for Editor in 0.37 ms, found 0 plugins.
Preloading 0 native plugins for Editor in 0.00 ms.
Unloading 1129 Unused Serialized files (Serialized files now loaded: 0)
System memory in use before: 61.4 MB.
System memory in use after: 61.5 MB.

Unloading 5 unused Assets to reduce memory usage. Loaded Objects now: 1640.
Total: 3.371800 ms (FindLiveObjects: 0.273800 ms CreateObjectMapping: 0.084800 ms MarkObjects: 2.899900 ms  DeleteObjects: 0.110800 ms)

AssetImportParameters requested are different than current active one (requested -> active):
  custom:graphics/normal-map-encoding: 01000000000000000000000000000000 -> 02000000000000000000000000000000
========================================================================
Received Prepare
Registering precompiled user dll's ...
Registered in 0.001845 seconds.
Begin MonoManager ReloadAssembly
Native extension for WindowsStandalone target not found
Native extension for WebGL target not found
Refreshing native plugins compatible for Editor in 0.46 ms, found 0 plugins.
Preloading 0 native plugins for Editor in 0.00 ms.
Invoked RoslynAnalysisRunner static constructor.
RoslynAnalysisRunner will not be running.
RoslynAnalysisRunner has terminated.
Mono: successfully reloaded assembly
- Completed reload, in  2.683 seconds
Platform modules already initialized, skipping
Switching build target platform(5) subTarget(0) extendedPlatform(0) -> platform(13) subTarget(537395200) extendedPlatform(0)
Refreshing native plugins compatible for Editor in 0.43 ms, found 0 plugins.
Preloading 0 native plugins for Editor in 0.00 ms.
Unloading 1129 Unused Serialized files (Serialized files now loaded: 0)
System memory in use before: 61.4 MB.
System memory in use after: 61.5 MB.

Unloading 5 unused Assets to reduce memory usage. Loaded Objects now: 1643.
Total: 4.329200 ms (FindLiveObjects: 0.278500 ms CreateObjectMapping: 0.098200 ms MarkObjects: 3.869100 ms  DeleteObjects: 0.080700 ms)

AssetImportParameters requested are different than current active one (requested -> active):
  custom:graphics/normal-map-encoding: 01000000000000000000000000000000 -> 02000000000000000000000000000000
========================================================================
Received Prepare
Registering precompiled user dll's ...
Registered in 0.001959 seconds.
Begin MonoManager ReloadAssembly
Native extension for WindowsStandalone target not found
Native extension for WebGL target not found
Refreshing native plugins compatible for Editor in 0.30 ms, found 0 plugins.
Preloading 0 native plugins for Editor in 0.00 ms.
Invoked RoslynAnalysisRunner static constructor.
RoslynAnalysisRunner will not be running.
RoslynAnalysisRunner has terminated.
Mono: successfully reloaded assembly
- Completed reload, in  2.496 seconds
Platform modules already initialized, skipping
Switching build target platform(5) subTarget(0) extendedPlatform(0) -> platform(13) subTarget(537395200) extendedPlatform(0)
Refreshing native plugins compatible for Editor in 0.28 ms, found 0 plugins.
Preloading 0 native plugins for Editor in 0.00 ms.
Unloading 1129 Unused Serialized files (Serialized files now loaded: 0)
System memory in use before: 61.4 MB.
System memory in use after: 61.5 MB.

Unloading 5 unused Assets to reduce memory usage. Loaded Objects now: 1646.
Total: 2.593600 ms (FindLiveObjects: 0.245600 ms CreateObjectMapping: 0.061500 ms MarkObjects: 2.211600 ms  DeleteObjects: 0.072100 ms)

AssetImportParameters requested are different than current active one (requested -> active):
  custom:graphics/normal-map-encoding: 01000000000000000000000000000000 -> 02000000000000000000000000000000
========================================================================
Received Import Request.
  Time since last request: 222.928144 seconds.
  path: Assets/Scripts/Screen/DataBaseScreen.cs
  artifactKey: Guid(358c7613ab949da439ad98c8bcc17ed0) Importer(815301076,1909f56bfc062723c751e8b465ee728b)
Start importing Assets/Scripts/Screen/DataBaseScreen.cs using Guid(358c7613ab949da439ad98c8bcc17ed0) Importer(815301076,1909f56bfc062723c751e8b465ee728b)  -> (artifact id: '25e194e46b69579e1d4ed8b5d131a080') in 0.008692 seconds
  Import took 0.013344 seconds .

========================================================================
Received Import Request.
  Time since last request: 0.005523 seconds.
  path: Assets/Scripts/Screen/DataBaseScreen.cs
  artifactKey: Guid(358c7613ab949da439ad98c8bcc17ed0) Importer(815301076,1909f56bfc062723c751e8b465ee728b)
Start importing Assets/Scripts/Screen/DataBaseScreen.cs using Guid(358c7613ab949da439ad98c8bcc17ed0) Importer(815301076,1909f56bfc062723c751e8b465ee728b)  -> (artifact id: '25e194e46b69579e1d4ed8b5d131a080') in 0.005163 seconds
  Import took 0.009951 seconds .

========================================================================
Received Import Request.
  Time since last request: 3.428720 seconds.
  path: Assets/Scripts/Screen/ScreenBase.cs
  artifactKey: Guid(20b9aace61cff7d40b456eae46ecd612) Importer(815301076,1909f56bfc062723c751e8b465ee728b)
Start importing Assets/Scripts/Screen/ScreenBase.cs using Guid(20b9aace61cff7d40b456eae46ecd612) Importer(815301076,1909f56bfc062723c751e8b465ee728b)  -> (artifact id: '3b84c88bb8ed58e32ab9b40702c907a6') in 0.006423 seconds
  Import took 0.009827 seconds .

========================================================================
Received Import Request.
  Time since last request: 105.900301 seconds.
  path: Assets/Scripts/Screen/MenuScreen.cs
  artifactKey: Guid(9d6effeffd476394ebd95feb6209a666) Importer(815301076,1909f56bfc062723c751e8b465ee728b)
Start importing Assets/Scripts/Screen/MenuScreen.cs using Guid(9d6effeffd476394ebd95feb6209a666) Importer(815301076,1909f56bfc062723c751e8b465ee728b)  -> (artifact id: 'a40ac64138ce2c696423fbce739aa64e') in 0.004464 seconds
  Import took 0.008254 seconds .

========================================================================
Received Import Request.
  Time since last request: 0.005988 seconds.
  path: Assets/Scripts/Screen/MenuScreen.cs
  artifactKey: Guid(9d6effeffd476394ebd95feb6209a666) Importer(815301076,1909f56bfc062723c751e8b465ee728b)
Start importing Assets/Scripts/Screen/MenuScreen.cs using Guid(9d6effeffd476394ebd95feb6209a666) Importer(815301076,1909f56bfc062723c751e8b465ee728b)  -> (artifact id: 'a40ac64138ce2c696423fbce739aa64e') in 0.006032 seconds
  Import took 0.011183 seconds .

========================================================================
Received Import Request.
  Time since last request: 28.299433 seconds.
  path: Assets/Scripts/Application.cs
  artifactKey: Guid(81989cf9620a43d4092d0ecdc2653230) Importer(815301076,1909f56bfc062723c751e8b465ee728b)
Start importing Assets/Scripts/Application.cs using Guid(81989cf9620a43d4092d0ecdc2653230) Importer(815301076,1909f56bfc062723c751e8b465ee728b)  -> (artifact id: '030f5366a19405aaaa60b8dfbbb7ff58') in 0.005686 seconds
  Import took 0.010709 seconds .

========================================================================
Received Import Request.
  Time since last request: 5.834616 seconds.
  path: Assets/Scripts/Card.cs
  artifactKey: Guid(298ea9315e9747744b2edfecef14819d) Importer(815301076,1909f56bfc062723c751e8b465ee728b)
Start importing Assets/Scripts/Card.cs using Guid(298ea9315e9747744b2edfecef14819d) Importer(815301076,1909f56bfc062723c751e8b465ee728b)  -> (artifact id: '4b50be1827ba2db697db7f5107cd5ee8') in 0.006111 seconds
  Import took 0.012029 seconds .

========================================================================
Received Import Request.
  Time since last request: 78.265552 seconds.
  path: Assets/Scripts/Card.cs
  artifactKey: Guid(298ea9315e9747744b2edfecef14819d) Importer(815301076,1909f56bfc062723c751e8b465ee728b)
Start importing Assets/Scripts/Card.cs using Guid(298ea9315e9747744b2edfecef14819d) Importer(815301076,1909f56bfc062723c751e8b465ee728b)  -> (artifact id: '29f08e5a32d6398fb94132de983f8870') in 0.016276 seconds
  Import took 0.031507 seconds .

========================================================================
Received Prepare
Registering precompiled user dll's ...
Registered in 0.001336 seconds.
Begin MonoManager ReloadAssembly
Native extension for WindowsStandalone target not found
Native extension for WebGL target not found
Refreshing native plugins compatible for Editor in 0.44 ms, found 0 plugins.
Preloading 0 native plugins for Editor in 0.00 ms.
Invoked RoslynAnalysisRunner static constructor.
RoslynAnalysisRunner will not be running.
RoslynAnalysisRunner has terminated.
Mono: successfully reloaded assembly
- Completed reload, in  1.960 seconds
Platform modules already initialized, skipping
Switching build target platform(5) subTarget(0) extendedPlatform(0) -> platform(13) subTarget(537395200) extendedPlatform(0)
Refreshing native plugins compatible for Editor in 0.44 ms, found 0 plugins.
Preloading 0 native plugins for Editor in 0.00 ms.
Unloading 1129 Unused Serialized files (Serialized files now loaded: 0)
System memory in use before: 61.4 MB.
System memory in use after: 61.5 MB.

Unloading 5 unused Assets to reduce memory usage. Loaded Objects now: 1649.
Total: 3.931600 ms (FindLiveObjects: 0.402400 ms CreateObjectMapping: 0.099300 ms MarkObjects: 3.328000 ms  DeleteObjects: 0.099400 ms)

AssetImportParameters requested are different than current active one (requested -> active):
  custom:graphics/normal-map-encoding: 01000000000000000000000000000000 -> 02000000000000000000000000000000
========================================================================
Received Import Request.
  Time since last request: 100.509444 seconds.
  path: Assets/Scripts/CarType.cs
  artifactKey: Guid(9f39fdff3528afa45aefb28e181777d9) Importer(815301076,1909f56bfc062723c751e8b465ee728b)
Start importing Assets/Scripts/CarType.cs using Guid(9f39fdff3528afa45aefb28e181777d9) Importer(815301076,1909f56bfc062723c751e8b465ee728b)  -> (artifact id: '8b98b722b319217feb2f0938c5c0431c') in 0.007266 seconds
  Import took 0.010972 seconds .

========================================================================
Received Import Request.
  Time since last request: 3.844657 seconds.
  path: Assets/Scripts/Data.cs
  artifactKey: Guid(682ad7abf0a31f9468b86e9d110c90fb) Importer(815301076,1909f56bfc062723c751e8b465ee728b)
Start importing Assets/Scripts/Data.cs using Guid(682ad7abf0a31f9468b86e9d110c90fb) Importer(815301076,1909f56bfc062723c751e8b465ee728b)  -> (artifact id: '89446edf291f4c2fa19a01fee363199c') in 0.005484 seconds
  Import took 0.010589 seconds .

========================================================================
Received Import Request.
  Time since last request: 33.720419 seconds.
  path: Assets/Scripts/Editor.cs
  artifactKey: Guid(0ede50c95e9365e4f80ba46fd6d4b50b) Importer(815301076,1909f56bfc062723c751e8b465ee728b)
Start importing Assets/Scripts/Editor.cs using Guid(0ede50c95e9365e4f80ba46fd6d4b50b) Importer(815301076,1909f56bfc062723c751e8b465ee728b)  -> (artifact id: '2a5f0e4a3d06ef680cb7046c85e129f1') in 0.005831 seconds
  Import took 0.010127 seconds .

========================================================================
Received Import Request.
  Time since last request: 0.004343 seconds.
  path: Assets/Scripts/Editor.cs
  artifactKey: Guid(0ede50c95e9365e4f80ba46fd6d4b50b) Importer(815301076,1909f56bfc062723c751e8b465ee728b)
Start importing Assets/Scripts/Editor.cs using Guid(0ede50c95e9365e4f80ba46fd6d4b50b) Importer(815301076,1909f56bfc062723c751e8b465ee728b)  -> (artifact id: '2a5f0e4a3d06ef680cb7046c85e129f1') in 0.006159 seconds
  Import took 0.011834 seconds .

========================================================================
Received Import Request.
  Time since last request: 44.660987 seconds.
  path: Assets/Scripts/Editor.cs
  artifactKey: Guid(0ede50c95e9365e4f80ba46fd6d4b50b) Importer(815301076,1909f56bfc062723c751e8b465ee728b)
Start importing Assets/Scripts/Editor.cs using Guid(0ede50c95e9365e4f80ba46fd6d4b50b) Importer(815301076,1909f56bfc062723c751e8b465ee728b)  -> (artifact id: '0da996423bf236d2ade8cafa1f0bfcef') in 0.087282 seconds
  Import took 0.108724 seconds .

========================================================================
Received Prepare
Registering precompiled user dll's ...
Registered in 0.002416 seconds.
Begin MonoManager ReloadAssembly
Native extension for WindowsStandalone target not found
Native extension for WebGL target not found
Refreshing native plugins compatible for Editor in 0.48 ms, found 0 plugins.
Preloading 0 native plugins for Editor in 0.00 ms.
Invoked RoslynAnalysisRunner static constructor.
RoslynAnalysisRunner will not be running.
RoslynAnalysisRunner has terminated.
Mono: successfully reloaded assembly
- Completed reload, in  2.882 seconds
Platform modules already initialized, skipping
Switching build target platform(5) subTarget(0) extendedPlatform(0) -> platform(13) subTarget(537395200) extendedPlatform(0)
Refreshing native plugins compatible for Editor in 0.44 ms, found 0 plugins.
Preloading 0 native plugins for Editor in 0.00 ms.
Unloading 1129 Unused Serialized files (Serialized files now loaded: 0)
System memory in use before: 61.4 MB.
System memory in use after: 61.5 MB.

Unloading 5 unused Assets to reduce memory usage. Loaded Objects now: 1652.
Total: 2.571800 ms (FindLiveObjects: 0.249100 ms CreateObjectMapping: 0.074300 ms MarkObjects: 2.172300 ms  DeleteObjects: 0.074100 ms)

AssetImportParameters requested are different than current active one (requested -> active):
  custom:graphics/normal-map-encoding: 01000000000000000000000000000000 -> 02000000000000000000000000000000
========================================================================
Received Import Request.
  Time since last request: 10.247131 seconds.
  path: Assets/Scripts/ScreenController.cs
  artifactKey: Guid(93cfacb62cee8db4c8afe7419d1e78e1) Importer(815301076,1909f56bfc062723c751e8b465ee728b)
Start importing Assets/Scripts/ScreenController.cs using Guid(93cfacb62cee8db4c8afe7419d1e78e1) Importer(815301076,1909f56bfc062723c751e8b465ee728b)  -> (artifact id: '2d3bb840e11413f9165f32914d7a8851') in 0.007381 seconds
  Import took 0.011118 seconds .

========================================================================
Received Import Request.
  Time since last request: 619.263298 seconds.
  path: Assets/Scripts/CarType.cs
  artifactKey: Guid(9f39fdff3528afa45aefb28e181777d9) Importer(815301076,1909f56bfc062723c751e8b465ee728b)
Start importing Assets/Scripts/CarType.cs using Guid(9f39fdff3528afa45aefb28e181777d9) Importer(815301076,1909f56bfc062723c751e8b465ee728b)  -> (artifact id: '417a852bd7c6d79e5e1de69a6d63af64') in 0.029138 seconds
  Import took 0.049905 seconds .

========================================================================
Received Prepare
Registering precompiled user dll's ...
Registered in 0.001384 seconds.
Begin MonoManager ReloadAssembly
Native extension for WindowsStandalone target not found
Native extension for WebGL target not found
Refreshing native plugins compatible for Editor in 0.39 ms, found 0 plugins.
Preloading 0 native plugins for Editor in 0.00 ms.
Invoked RoslynAnalysisRunner static constructor.
RoslynAnalysisRunner will not be running.
RoslynAnalysisRunner has terminated.
Mono: successfully reloaded assembly
- Completed reload, in  2.350 seconds
Platform modules already initialized, skipping
Switching build target platform(5) subTarget(0) extendedPlatform(0) -> platform(13) subTarget(537395200) extendedPlatform(0)
Refreshing native plugins compatible for Editor in 0.28 ms, found 0 plugins.
Preloading 0 native plugins for Editor in 0.00 ms.
Unloading 1129 Unused Serialized files (Serialized files now loaded: 0)
System memory in use before: 61.4 MB.
System memory in use after: 61.5 MB.

Unloading 5 unused Assets to reduce memory usage. Loaded Objects now: 1655.
Total: 4.859400 ms (FindLiveObjects: 2.044000 ms CreateObjectMapping: 0.094700 ms MarkObjects: 2.636100 ms  DeleteObjects: 0.082500 ms)

AssetImportParameters requested are different than current active one (requested -> active):
  custom:graphics/normal-map-encoding: 01000000000000000000000000000000 -> 02000000000000000000000000000000
========================================================================
Received Prepare
Registering precompiled user dll's ...
Registered in 0.002623 seconds.
Begin MonoManager ReloadAssembly
Native extension for WindowsStandalone target not found
Native extension for WebGL target not found
Refreshing native plugins compatible for Editor in 0.29 ms, found 0 plugins.
Preloading 0 native plugins for Editor in 0.00 ms.
Invoked RoslynAnalysisRunner static constructor.
RoslynAnalysisRunner will not be running.
RoslynAnalysisRunner has terminated.
Mono: successfully reloaded assembly
- Completed reload, in  1.907 seconds
Platform modules already initialized, skipping
Switching build target platform(5) subTarget(0) extendedPlatform(0) -> platform(13) subTarget(537395200) extendedPlatform(0)
Refreshing native plugins compatible for Editor in 0.44 ms, found 0 plugins.
Preloading 0 native plugins for Editor in 0.00 ms.
Unloading 1129 Unused Serialized files (Serialized files now loaded: 0)
System memory in use before: 61.4 MB.
System memory in use after: 61.5 MB.

Unloading 5 unused Assets to reduce memory usage. Loaded Objects now: 1658.
Total: 2.472700 ms (FindLiveObjects: 0.269300 ms CreateObjectMapping: 0.086300 ms MarkObjects: 2.039400 ms  DeleteObjects: 0.075700 ms)

AssetImportParameters requested are different than current active one (requested -> active):
  custom:graphics/normal-map-encoding: 01000000000000000000000000000000 -> 02000000000000000000000000000000
========================================================================
Received Prepare
Registering precompiled user dll's ...
Registered in 0.001365 seconds.
Begin MonoManager ReloadAssembly
Native extension for WindowsStandalone target not found
Native extension for WebGL target not found
Refreshing native plugins compatible for Editor in 0.29 ms, found 0 plugins.
Preloading 0 native plugins for Editor in 0.00 ms.
Invoked RoslynAnalysisRunner static constructor.
RoslynAnalysisRunner will not be running.
RoslynAnalysisRunner has terminated.
Mono: successfully reloaded assembly
- Completed reload, in  1.986 seconds
Platform modules already initialized, skipping
Switching build target platform(5) subTarget(0) extendedPlatform(0) -> platform(13) subTarget(537395200) extendedPlatform(0)
Refreshing native plugins compatible for Editor in 0.35 ms, found 0 plugins.
Preloading 0 native plugins for Editor in 0.00 ms.
Unloading 1129 Unused Serialized files (Serialized files now loaded: 0)
System memory in use before: 61.4 MB.
System memory in use after: 61.5 MB.

Unloading 5 unused Assets to reduce memory usage. Loaded Objects now: 1661.
Total: 7.474100 ms (FindLiveObjects: 0.544600 ms CreateObjectMapping: 0.237500 ms MarkObjects: 6.586500 ms  DeleteObjects: 0.102600 ms)

AssetImportParameters requested are different than current active one (requested -> active):
  custom:graphics/normal-map-encoding: 01000000000000000000000000000000 -> 02000000000000000000000000000000
========================================================================
Received Import Request.
  Time since last request: 365.440016 seconds.
  path: Assets/Scripts/CarType.cs
  artifactKey: Guid(9f39fdff3528afa45aefb28e181777d9) Importer(815301076,1909f56bfc062723c751e8b465ee728b)
Start importing Assets/Scripts/CarType.cs using Guid(9f39fdff3528afa45aefb28e181777d9) Importer(815301076,1909f56bfc062723c751e8b465ee728b)  -> (artifact id: 'f015902e1a14fb7f889ff947d5e6afc7') in 0.009032 seconds
  Import took 0.013585 seconds .

========================================================================
Received Import Request.
  Time since last request: 0.068139 seconds.
  path: Assets/Scripts/CarType.cs
  artifactKey: Guid(9f39fdff3528afa45aefb28e181777d9) Importer(815301076,1909f56bfc062723c751e8b465ee728b)
Start importing Assets/Scripts/CarType.cs using Guid(9f39fdff3528afa45aefb28e181777d9) Importer(815301076,1909f56bfc062723c751e8b465ee728b)  -> (artifact id: 'f015902e1a14fb7f889ff947d5e6afc7') in 0.006310 seconds
  Import took 0.011843 seconds .

========================================================================
Received Prepare
Registering precompiled user dll's ...
Registered in 0.001344 seconds.
Begin MonoManager ReloadAssembly
Native extension for WindowsStandalone target not found
Native extension for WebGL target not found
Refreshing native plugins compatible for Editor in 0.30 ms, found 0 plugins.
Preloading 0 native plugins for Editor in 0.00 ms.
Invoked RoslynAnalysisRunner static constructor.
RoslynAnalysisRunner will not be running.
RoslynAnalysisRunner has terminated.
Mono: successfully reloaded assembly
- Completed reload, in  2.672 seconds
Platform modules already initialized, skipping
Switching build target platform(5) subTarget(0) extendedPlatform(0) -> platform(13) subTarget(537395200) extendedPlatform(0)
Refreshing native plugins compatible for Editor in 0.44 ms, found 0 plugins.
Preloading 0 native plugins for Editor in 0.00 ms.
Unloading 1129 Unused Serialized files (Serialized files now loaded: 0)
System memory in use before: 61.4 MB.
System memory in use after: 61.5 MB.

Unloading 5 unused Assets to reduce memory usage. Loaded Objects now: 1664.
Total: 3.646700 ms (FindLiveObjects: 0.688100 ms CreateObjectMapping: 0.097900 ms MarkObjects: 2.779900 ms  DeleteObjects: 0.078500 ms)

AssetImportParameters requested are different than current active one (requested -> active):
  custom:graphics/normal-map-encoding: 01000000000000000000000000000000 -> 02000000000000000000000000000000
========================================================================
Received Prepare
Registering precompiled user dll's ...
Registered in 0.001559 seconds.
Begin MonoManager ReloadAssembly
Native extension for WindowsStandalone target not found
Native extension for WebGL target not found
Refreshing native plugins compatible for Editor in 0.28 ms, found 0 plugins.
Preloading 0 native plugins for Editor in 0.00 ms.
Invoked RoslynAnalysisRunner static constructor.
RoslynAnalysisRunner will not be running.
RoslynAnalysisRunner has terminated.
Mono: successfully reloaded assembly
- Completed reload, in  2.326 seconds
Platform modules already initialized, skipping
Switching build target platform(5) subTarget(0) extendedPlatform(0) -> platform(13) subTarget(537395200) extendedPlatform(0)
Refreshing native plugins compatible for Editor in 0.44 ms, found 0 plugins.
Preloading 0 native plugins for Editor in 0.00 ms.
Unloading 1129 Unused Serialized files (Serialized files now loaded: 0)
System memory in use before: 61.4 MB.
System memory in use after: 61.5 MB.

Unloading 5 unused Assets to reduce memory usage. Loaded Objects now: 1667.
Total: 2.619700 ms (FindLiveObjects: 0.190100 ms CreateObjectMapping: 0.060600 ms MarkObjects: 2.294100 ms  DeleteObjects: 0.073200 ms)

AssetImportParameters requested are different than current active one (requested -> active):
  custom:graphics/normal-map-encoding: 01000000000000000000000000000000 -> 02000000000000000000000000000000
========================================================================
Received Import Request.
  Time since last request: 241.863973 seconds.
  path: Assets/Scripts/CarType.cs
  artifactKey: Guid(9f39fdff3528afa45aefb28e181777d9) Importer(815301076,1909f56bfc062723c751e8b465ee728b)
Start importing Assets/Scripts/CarType.cs using Guid(9f39fdff3528afa45aefb28e181777d9) Importer(815301076,1909f56bfc062723c751e8b465ee728b)  -> (artifact id: 'ee1e53d4c686a5a698ed5e9cf48f855c') in 0.007712 seconds
  Import took 0.011811 seconds .

========================================================================
Received Import Request.
  Time since last request: 3.419499 seconds.
  path: Assets/Scripts/CarType.cs
  artifactKey: Guid(9f39fdff3528afa45aefb28e181777d9) Importer(815301076,1909f56bfc062723c751e8b465ee728b)
Start importing Assets/Scripts/CarType.cs using Guid(9f39fdff3528afa45aefb28e181777d9) Importer(815301076,1909f56bfc062723c751e8b465ee728b)  -> (artifact id: 'ee1e53d4c686a5a698ed5e9cf48f855c') in 0.004928 seconds
  Import took 0.009722 seconds .

========================================================================
Received Prepare
Registering precompiled user dll's ...
Registered in 0.001924 seconds.
Begin MonoManager ReloadAssembly
Native extension for WindowsStandalone target not found
Native extension for WebGL target not found
Refreshing native plugins compatible for Editor in 0.29 ms, found 0 plugins.
Preloading 0 native plugins for Editor in 0.00 ms.
Invoked RoslynAnalysisRunner static constructor.
RoslynAnalysisRunner will not be running.
RoslynAnalysisRunner has terminated.
Mono: successfully reloaded assembly
- Completed reload, in  1.863 seconds
Platform modules already initialized, skipping
Switching build target platform(5) subTarget(0) extendedPlatform(0) -> platform(13) subTarget(537395200) extendedPlatform(0)
Refreshing native plugins compatible for Editor in 0.30 ms, found 0 plugins.
Preloading 0 native plugins for Editor in 0.00 ms.
Unloading 1129 Unused Serialized files (Serialized files now loaded: 0)
System memory in use before: 61.5 MB.
System memory in use after: 61.5 MB.

Unloading 5 unused Assets to reduce memory usage. Loaded Objects now: 1670.
Total: 2.662800 ms (FindLiveObjects: 0.187900 ms CreateObjectMapping: 0.057100 ms MarkObjects: 2.346800 ms  DeleteObjects: 0.069200 ms)

AssetImportParameters requested are different than current active one (requested -> active):
  custom:graphics/normal-map-encoding: 01000000000000000000000000000000 -> 02000000000000000000000000000000
AssetImportWorkerClient::OnTransportError - code=2 error=End of file
